<?xml version="1.0" encoding="utf-8"?><testsuites><testsuite name="pytest" errors="65" failures="19" skipped="0" tests="85" time="2.574" timestamp="2025-04-11T04:36:20.378213" hostname="codespaces-703d42"><testcase classname="app.tests.integration.test_digital_twin_integration_int" name="test_digital_twin_complete_workflow" time="0.035"><failure message="TypeError: Patient.__init__() got an unexpected keyword argument 'first_name'">@pytest.mark.asyncio
    async def test_digital_twin_complete_workflow():
        """
        Test a complete Digital Twin workflow from patient creation to treatment recommendations.
        This test demonstrates how all components work together in a typical scenario.
        """
        # Create a complete system using our factory
        system = MockDigitalTwinFactory.create_complete_system()
    
        # Extract components
        patient_repo = system["repositories"]["patient_repository"]
        digital_twin_repo = system["repositories"]["digital_twin_repository"]
        digital_twin_core = system["services"]["digital_twin_core"]
    
        # 1. Create a test patient
        patient_id = uuid.uuid4()
&gt;       patient = Patient(
            id=patient_id,
            first_name="Jane",
            last_name="Doe",
            date_of_birth=datetime.now() - timedelta(days=365 * 35),  # 35 years old
            gender="female", # Use string literal
            contact_info={
                "email": "jane.doe@example.com",
                "phone": "+1-555-123-4567"
            },
            # Use strings for diagnoses as per patient.py entity
            diagnoses=[
                "F32.1: Major depressive disorder, single episode, moderate",
                "F41.1: Generalized anxiety disorder"
            ],
            # Use strings for medications as per patient.py entity
            medications=[
                "Sertraline 50mg daily"
            ],
            allergies=["Penicillin"]
        )
E       TypeError: Patient.__init__() got an unexpected keyword argument 'first_name'

app/tests/integration/test_digital_twin_integration_int.py:31: TypeError</failure></testcase><testcase classname="app.tests.integration.test_mentallama_api" name="test_process_text" time="0.000"><error message="failed on setup with &quot;file /workspaces/Novamind-Backend-ONLY-TWINS/backend/app/tests/integration/test_mentallama_api.py, line 282&#10;  def test_process_text(client: TestClient, mock_auth, mock_services):&#10;E       fixture 'client' not found&#10;&gt;       available fixtures: _session_faker, anyio_backend, anyio_backend_name, anyio_backend_options, cache, capfd, capfdbinary, caplog, capsys, capsysbinary, class_mocker, cov, doctest_namespace, event_loop, extra, extras, faker, free_tcp_port, free_tcp_port_factory, free_udp_port, free_udp_port_factory, include_metadata_in_junit_xml, metadata, mock_auth, mock_services, mocker, module_mocker, monkeypatch, no_cover, package_mocker, pytestconfig, record_property, record_testsuite_property, record_xml_attribute, recwarn, session_mocker, test_environment, testrun_uid, tmp_path, tmp_path_factory, tmpdir, tmpdir_factory, unused_tcp_port, unused_tcp_port_factory, unused_udp_port, unused_udp_port_factory, worker_id&#10;&gt;       use 'pytest --fixtures [testpath]' for help on them.&#10;&#10;/workspaces/Novamind-Backend-ONLY-TWINS/backend/app/tests/integration/test_mentallama_api.py:282&quot;">file /workspaces/Novamind-Backend-ONLY-TWINS/backend/app/tests/integration/test_mentallama_api.py, line 282
  def test_process_text(client: TestClient, mock_auth, mock_services):
E       fixture 'client' not found
&gt;       available fixtures: _session_faker, anyio_backend, anyio_backend_name, anyio_backend_options, cache, capfd, capfdbinary, caplog, capsys, capsysbinary, class_mocker, cov, doctest_namespace, event_loop, extra, extras, faker, free_tcp_port, free_tcp_port_factory, free_udp_port, free_udp_port_factory, include_metadata_in_junit_xml, metadata, mock_auth, mock_services, mocker, module_mocker, monkeypatch, no_cover, package_mocker, pytestconfig, record_property, record_testsuite_property, record_xml_attribute, recwarn, session_mocker, test_environment, testrun_uid, tmp_path, tmp_path_factory, tmpdir, tmpdir_factory, unused_tcp_port, unused_tcp_port_factory, unused_udp_port, unused_udp_port_factory, worker_id
&gt;       use 'pytest --fixtures [testpath]' for help on them.

/workspaces/Novamind-Backend-ONLY-TWINS/backend/app/tests/integration/test_mentallama_api.py:282</error></testcase><testcase classname="app.tests.integration.test_mentallama_api" name="test_process_text_with_missing_prompt" time="0.000"><error message="failed on setup with &quot;file /workspaces/Novamind-Backend-ONLY-TWINS/backend/app/tests/integration/test_mentallama_api.py, line 307&#10;  def test_process_text_with_missing_prompt(client: TestClient, mock_auth, mock_services):&#10;E       fixture 'client' not found&#10;&gt;       available fixtures: _session_faker, anyio_backend, anyio_backend_name, anyio_backend_options, cache, capfd, capfdbinary, caplog, capsys, capsysbinary, class_mocker, cov, doctest_namespace, event_loop, extra, extras, faker, free_tcp_port, free_tcp_port_factory, free_udp_port, free_udp_port_factory, include_metadata_in_junit_xml, metadata, mock_auth, mock_services, mocker, module_mocker, monkeypatch, no_cover, package_mocker, pytestconfig, record_property, record_testsuite_property, record_xml_attribute, recwarn, session_mocker, test_environment, testrun_uid, tmp_path, tmp_path_factory, tmpdir, tmpdir_factory, unused_tcp_port, unused_tcp_port_factory, unused_udp_port, unused_udp_port_factory, worker_id&#10;&gt;       use 'pytest --fixtures [testpath]' for help on them.&#10;&#10;/workspaces/Novamind-Backend-ONLY-TWINS/backend/app/tests/integration/test_mentallama_api.py:307&quot;">file /workspaces/Novamind-Backend-ONLY-TWINS/backend/app/tests/integration/test_mentallama_api.py, line 307
  def test_process_text_with_missing_prompt(client: TestClient, mock_auth, mock_services):
E       fixture 'client' not found
&gt;       available fixtures: _session_faker, anyio_backend, anyio_backend_name, anyio_backend_options, cache, capfd, capfdbinary, caplog, capsys, capsysbinary, class_mocker, cov, doctest_namespace, event_loop, extra, extras, faker, free_tcp_port, free_tcp_port_factory, free_udp_port, free_udp_port_factory, include_metadata_in_junit_xml, metadata, mock_auth, mock_services, mocker, module_mocker, monkeypatch, no_cover, package_mocker, pytestconfig, record_property, record_testsuite_property, record_xml_attribute, recwarn, session_mocker, test_environment, testrun_uid, tmp_path, tmp_path_factory, tmpdir, tmpdir_factory, unused_tcp_port, unused_tcp_port_factory, unused_udp_port, unused_udp_port_factory, worker_id
&gt;       use 'pytest --fixtures [testpath]' for help on them.

/workspaces/Novamind-Backend-ONLY-TWINS/backend/app/tests/integration/test_mentallama_api.py:307</error></testcase><testcase classname="app.tests.integration.test_mentallama_api" name="test_process_text_with_nonexistent_model" time="0.000"><error message="failed on setup with &quot;file /workspaces/Novamind-Backend-ONLY-TWINS/backend/app/tests/integration/test_mentallama_api.py, line 323&#10;  def test_process_text_with_nonexistent_model(client: TestClient, mock_auth, mock_services):&#10;E       fixture 'client' not found&#10;&gt;       available fixtures: _session_faker, anyio_backend, anyio_backend_name, anyio_backend_options, cache, capfd, capfdbinary, caplog, capsys, capsysbinary, class_mocker, cov, doctest_namespace, event_loop, extra, extras, faker, free_tcp_port, free_tcp_port_factory, free_udp_port, free_udp_port_factory, include_metadata_in_junit_xml, metadata, mock_auth, mock_services, mocker, module_mocker, monkeypatch, no_cover, package_mocker, pytestconfig, record_property, record_testsuite_property, record_xml_attribute, recwarn, session_mocker, test_environment, testrun_uid, tmp_path, tmp_path_factory, tmpdir, tmpdir_factory, unused_tcp_port, unused_tcp_port_factory, unused_udp_port, unused_udp_port_factory, worker_id&#10;&gt;       use 'pytest --fixtures [testpath]' for help on them.&#10;&#10;/workspaces/Novamind-Backend-ONLY-TWINS/backend/app/tests/integration/test_mentallama_api.py:323&quot;">file /workspaces/Novamind-Backend-ONLY-TWINS/backend/app/tests/integration/test_mentallama_api.py, line 323
  def test_process_text_with_nonexistent_model(client: TestClient, mock_auth, mock_services):
E       fixture 'client' not found
&gt;       available fixtures: _session_faker, anyio_backend, anyio_backend_name, anyio_backend_options, cache, capfd, capfdbinary, caplog, capsys, capsysbinary, class_mocker, cov, doctest_namespace, event_loop, extra, extras, faker, free_tcp_port, free_tcp_port_factory, free_udp_port, free_udp_port_factory, include_metadata_in_junit_xml, metadata, mock_auth, mock_services, mocker, module_mocker, monkeypatch, no_cover, package_mocker, pytestconfig, record_property, record_testsuite_property, record_xml_attribute, recwarn, session_mocker, test_environment, testrun_uid, tmp_path, tmp_path_factory, tmpdir, tmpdir_factory, unused_tcp_port, unused_tcp_port_factory, unused_udp_port, unused_udp_port_factory, worker_id
&gt;       use 'pytest --fixtures [testpath]' for help on them.

/workspaces/Novamind-Backend-ONLY-TWINS/backend/app/tests/integration/test_mentallama_api.py:323</error></testcase><testcase classname="app.tests.integration.test_mentallama_api" name="test_depression_detection" time="0.000"><error message="failed on setup with &quot;file /workspaces/Novamind-Backend-ONLY-TWINS/backend/app/tests/integration/test_mentallama_api.py, line 341&#10;  def test_depression_detection(client: TestClient, mock_auth, mock_services):&#10;E       fixture 'client' not found&#10;&gt;       available fixtures: _session_faker, anyio_backend, anyio_backend_name, anyio_backend_options, cache, capfd, capfdbinary, caplog, capsys, capsysbinary, class_mocker, cov, doctest_namespace, event_loop, extra, extras, faker, free_tcp_port, free_tcp_port_factory, free_udp_port, free_udp_port_factory, include_metadata_in_junit_xml, metadata, mock_auth, mock_services, mocker, module_mocker, monkeypatch, no_cover, package_mocker, pytestconfig, record_property, record_testsuite_property, record_xml_attribute, recwarn, session_mocker, test_environment, testrun_uid, tmp_path, tmp_path_factory, tmpdir, tmpdir_factory, unused_tcp_port, unused_tcp_port_factory, unused_udp_port, unused_udp_port_factory, worker_id&#10;&gt;       use 'pytest --fixtures [testpath]' for help on them.&#10;&#10;/workspaces/Novamind-Backend-ONLY-TWINS/backend/app/tests/integration/test_mentallama_api.py:341&quot;">file /workspaces/Novamind-Backend-ONLY-TWINS/backend/app/tests/integration/test_mentallama_api.py, line 341
  def test_depression_detection(client: TestClient, mock_auth, mock_services):
E       fixture 'client' not found
&gt;       available fixtures: _session_faker, anyio_backend, anyio_backend_name, anyio_backend_options, cache, capfd, capfdbinary, caplog, capsys, capsysbinary, class_mocker, cov, doctest_namespace, event_loop, extra, extras, faker, free_tcp_port, free_tcp_port_factory, free_udp_port, free_udp_port_factory, include_metadata_in_junit_xml, metadata, mock_auth, mock_services, mocker, module_mocker, monkeypatch, no_cover, package_mocker, pytestconfig, record_property, record_testsuite_property, record_xml_attribute, recwarn, session_mocker, test_environment, testrun_uid, tmp_path, tmp_path_factory, tmpdir, tmpdir_factory, unused_tcp_port, unused_tcp_port_factory, unused_udp_port, unused_udp_port_factory, worker_id
&gt;       use 'pytest --fixtures [testpath]' for help on them.

/workspaces/Novamind-Backend-ONLY-TWINS/backend/app/tests/integration/test_mentallama_api.py:341</error></testcase><testcase classname="app.tests.integration.test_mentallama_api" name="test_risk_assessment" time="0.000"><error message="failed on setup with &quot;file /workspaces/Novamind-Backend-ONLY-TWINS/backend/app/tests/integration/test_mentallama_api.py, line 370&#10;  def test_risk_assessment(client: TestClient, mock_auth, mock_services):&#10;E       fixture 'client' not found&#10;&gt;       available fixtures: _session_faker, anyio_backend, anyio_backend_name, anyio_backend_options, cache, capfd, capfdbinary, caplog, capsys, capsysbinary, class_mocker, cov, doctest_namespace, event_loop, extra, extras, faker, free_tcp_port, free_tcp_port_factory, free_udp_port, free_udp_port_factory, include_metadata_in_junit_xml, metadata, mock_auth, mock_services, mocker, module_mocker, monkeypatch, no_cover, package_mocker, pytestconfig, record_property, record_testsuite_property, record_xml_attribute, recwarn, session_mocker, test_environment, testrun_uid, tmp_path, tmp_path_factory, tmpdir, tmpdir_factory, unused_tcp_port, unused_tcp_port_factory, unused_udp_port, unused_udp_port_factory, worker_id&#10;&gt;       use 'pytest --fixtures [testpath]' for help on them.&#10;&#10;/workspaces/Novamind-Backend-ONLY-TWINS/backend/app/tests/integration/test_mentallama_api.py:370&quot;">file /workspaces/Novamind-Backend-ONLY-TWINS/backend/app/tests/integration/test_mentallama_api.py, line 370
  def test_risk_assessment(client: TestClient, mock_auth, mock_services):
E       fixture 'client' not found
&gt;       available fixtures: _session_faker, anyio_backend, anyio_backend_name, anyio_backend_options, cache, capfd, capfdbinary, caplog, capsys, capsysbinary, class_mocker, cov, doctest_namespace, event_loop, extra, extras, faker, free_tcp_port, free_tcp_port_factory, free_udp_port, free_udp_port_factory, include_metadata_in_junit_xml, metadata, mock_auth, mock_services, mocker, module_mocker, monkeypatch, no_cover, package_mocker, pytestconfig, record_property, record_testsuite_property, record_xml_attribute, recwarn, session_mocker, test_environment, testrun_uid, tmp_path, tmp_path_factory, tmpdir, tmpdir_factory, unused_tcp_port, unused_tcp_port_factory, unused_udp_port, unused_udp_port_factory, worker_id
&gt;       use 'pytest --fixtures [testpath]' for help on them.

/workspaces/Novamind-Backend-ONLY-TWINS/backend/app/tests/integration/test_mentallama_api.py:370</error></testcase><testcase classname="app.tests.integration.test_mentallama_api" name="test_sentiment_analysis" time="0.000"><error message="failed on setup with &quot;file /workspaces/Novamind-Backend-ONLY-TWINS/backend/app/tests/integration/test_mentallama_api.py, line 399&#10;  def test_sentiment_analysis(client: TestClient, mock_auth, mock_services):&#10;E       fixture 'client' not found&#10;&gt;       available fixtures: _session_faker, anyio_backend, anyio_backend_name, anyio_backend_options, cache, capfd, capfdbinary, caplog, capsys, capsysbinary, class_mocker, cov, doctest_namespace, event_loop, extra, extras, faker, free_tcp_port, free_tcp_port_factory, free_udp_port, free_udp_port_factory, include_metadata_in_junit_xml, metadata, mock_auth, mock_services, mocker, module_mocker, monkeypatch, no_cover, package_mocker, pytestconfig, record_property, record_testsuite_property, record_xml_attribute, recwarn, session_mocker, test_environment, testrun_uid, tmp_path, tmp_path_factory, tmpdir, tmpdir_factory, unused_tcp_port, unused_tcp_port_factory, unused_udp_port, unused_udp_port_factory, worker_id&#10;&gt;       use 'pytest --fixtures [testpath]' for help on them.&#10;&#10;/workspaces/Novamind-Backend-ONLY-TWINS/backend/app/tests/integration/test_mentallama_api.py:399&quot;">file /workspaces/Novamind-Backend-ONLY-TWINS/backend/app/tests/integration/test_mentallama_api.py, line 399
  def test_sentiment_analysis(client: TestClient, mock_auth, mock_services):
E       fixture 'client' not found
&gt;       available fixtures: _session_faker, anyio_backend, anyio_backend_name, anyio_backend_options, cache, capfd, capfdbinary, caplog, capsys, capsysbinary, class_mocker, cov, doctest_namespace, event_loop, extra, extras, faker, free_tcp_port, free_tcp_port_factory, free_udp_port, free_udp_port_factory, include_metadata_in_junit_xml, metadata, mock_auth, mock_services, mocker, module_mocker, monkeypatch, no_cover, package_mocker, pytestconfig, record_property, record_testsuite_property, record_xml_attribute, recwarn, session_mocker, test_environment, testrun_uid, tmp_path, tmp_path_factory, tmpdir, tmpdir_factory, unused_tcp_port, unused_tcp_port_factory, unused_udp_port, unused_udp_port_factory, worker_id
&gt;       use 'pytest --fixtures [testpath]' for help on them.

/workspaces/Novamind-Backend-ONLY-TWINS/backend/app/tests/integration/test_mentallama_api.py:399</error></testcase><testcase classname="app.tests.integration.test_mentallama_api" name="test_wellness_dimensions" time="0.000"><error message="failed on setup with &quot;file /workspaces/Novamind-Backend-ONLY-TWINS/backend/app/tests/integration/test_mentallama_api.py, line 427&#10;  def test_wellness_dimensions(client: TestClient, mock_auth, mock_services):&#10;E       fixture 'client' not found&#10;&gt;       available fixtures: _session_faker, anyio_backend, anyio_backend_name, anyio_backend_options, cache, capfd, capfdbinary, caplog, capsys, capsysbinary, class_mocker, cov, doctest_namespace, event_loop, extra, extras, faker, free_tcp_port, free_tcp_port_factory, free_udp_port, free_udp_port_factory, include_metadata_in_junit_xml, metadata, mock_auth, mock_services, mocker, module_mocker, monkeypatch, no_cover, package_mocker, pytestconfig, record_property, record_testsuite_property, record_xml_attribute, recwarn, session_mocker, test_environment, testrun_uid, tmp_path, tmp_path_factory, tmpdir, tmpdir_factory, unused_tcp_port, unused_tcp_port_factory, unused_udp_port, unused_udp_port_factory, worker_id&#10;&gt;       use 'pytest --fixtures [testpath]' for help on them.&#10;&#10;/workspaces/Novamind-Backend-ONLY-TWINS/backend/app/tests/integration/test_mentallama_api.py:427&quot;">file /workspaces/Novamind-Backend-ONLY-TWINS/backend/app/tests/integration/test_mentallama_api.py, line 427
  def test_wellness_dimensions(client: TestClient, mock_auth, mock_services):
E       fixture 'client' not found
&gt;       available fixtures: _session_faker, anyio_backend, anyio_backend_name, anyio_backend_options, cache, capfd, capfdbinary, caplog, capsys, capsysbinary, class_mocker, cov, doctest_namespace, event_loop, extra, extras, faker, free_tcp_port, free_tcp_port_factory, free_udp_port, free_udp_port_factory, include_metadata_in_junit_xml, metadata, mock_auth, mock_services, mocker, module_mocker, monkeypatch, no_cover, package_mocker, pytestconfig, record_property, record_testsuite_property, record_xml_attribute, recwarn, session_mocker, test_environment, testrun_uid, tmp_path, tmp_path_factory, tmpdir, tmpdir_factory, unused_tcp_port, unused_tcp_port_factory, unused_udp_port, unused_udp_port_factory, worker_id
&gt;       use 'pytest --fixtures [testpath]' for help on them.

/workspaces/Novamind-Backend-ONLY-TWINS/backend/app/tests/integration/test_mentallama_api.py:427</error></testcase><testcase classname="app.tests.integration.test_mentallama_api" name="test_health_check" time="0.000"><error message="failed on setup with &quot;file /workspaces/Novamind-Backend-ONLY-TWINS/backend/app/tests/integration/test_mentallama_api.py, line 456&#10;  def test_health_check(client: TestClient, mock_services):&#10;E       fixture 'client' not found&#10;&gt;       available fixtures: _session_faker, anyio_backend, anyio_backend_name, anyio_backend_options, cache, capfd, capfdbinary, caplog, capsys, capsysbinary, class_mocker, cov, doctest_namespace, event_loop, extra, extras, faker, free_tcp_port, free_tcp_port_factory, free_udp_port, free_udp_port_factory, include_metadata_in_junit_xml, metadata, mock_auth, mock_services, mocker, module_mocker, monkeypatch, no_cover, package_mocker, pytestconfig, record_property, record_testsuite_property, record_xml_attribute, recwarn, session_mocker, test_environment, testrun_uid, tmp_path, tmp_path_factory, tmpdir, tmpdir_factory, unused_tcp_port, unused_tcp_port_factory, unused_udp_port, unused_udp_port_factory, worker_id&#10;&gt;       use 'pytest --fixtures [testpath]' for help on them.&#10;&#10;/workspaces/Novamind-Backend-ONLY-TWINS/backend/app/tests/integration/test_mentallama_api.py:456&quot;">file /workspaces/Novamind-Backend-ONLY-TWINS/backend/app/tests/integration/test_mentallama_api.py, line 456
  def test_health_check(client: TestClient, mock_services):
E       fixture 'client' not found
&gt;       available fixtures: _session_faker, anyio_backend, anyio_backend_name, anyio_backend_options, cache, capfd, capfdbinary, caplog, capsys, capsysbinary, class_mocker, cov, doctest_namespace, event_loop, extra, extras, faker, free_tcp_port, free_tcp_port_factory, free_udp_port, free_udp_port_factory, include_metadata_in_junit_xml, metadata, mock_auth, mock_services, mocker, module_mocker, monkeypatch, no_cover, package_mocker, pytestconfig, record_property, record_testsuite_property, record_xml_attribute, recwarn, session_mocker, test_environment, testrun_uid, tmp_path, tmp_path_factory, tmpdir, tmpdir_factory, unused_tcp_port, unused_tcp_port_factory, unused_udp_port, unused_udp_port_factory, worker_id
&gt;       use 'pytest --fixtures [testpath]' for help on them.

/workspaces/Novamind-Backend-ONLY-TWINS/backend/app/tests/integration/test_mentallama_api.py:456</error></testcase><testcase classname="app.tests.integration.test_mentallama_api" name="test_service_unavailable" time="0.000"><error message="failed on setup with &quot;file /workspaces/Novamind-Backend-ONLY-TWINS/backend/app/tests/integration/test_mentallama_api.py, line 470&#10;  def test_service_unavailable(client: TestClient, mock_auth):&#10;E       fixture 'client' not found&#10;&gt;       available fixtures: _session_faker, anyio_backend, anyio_backend_name, anyio_backend_options, cache, capfd, capfdbinary, caplog, capsys, capsysbinary, class_mocker, cov, doctest_namespace, event_loop, extra, extras, faker, free_tcp_port, free_tcp_port_factory, free_udp_port, free_udp_port_factory, include_metadata_in_junit_xml, metadata, mock_auth, mock_services, mocker, module_mocker, monkeypatch, no_cover, package_mocker, pytestconfig, record_property, record_testsuite_property, record_xml_attribute, recwarn, session_mocker, test_environment, testrun_uid, tmp_path, tmp_path_factory, tmpdir, tmpdir_factory, unused_tcp_port, unused_tcp_port_factory, unused_udp_port, unused_udp_port_factory, worker_id&#10;&gt;       use 'pytest --fixtures [testpath]' for help on them.&#10;&#10;/workspaces/Novamind-Backend-ONLY-TWINS/backend/app/tests/integration/test_mentallama_api.py:470&quot;">file /workspaces/Novamind-Backend-ONLY-TWINS/backend/app/tests/integration/test_mentallama_api.py, line 470
  def test_service_unavailable(client: TestClient, mock_auth):
E       fixture 'client' not found
&gt;       available fixtures: _session_faker, anyio_backend, anyio_backend_name, anyio_backend_options, cache, capfd, capfdbinary, caplog, capsys, capsysbinary, class_mocker, cov, doctest_namespace, event_loop, extra, extras, faker, free_tcp_port, free_tcp_port_factory, free_udp_port, free_udp_port_factory, include_metadata_in_junit_xml, metadata, mock_auth, mock_services, mocker, module_mocker, monkeypatch, no_cover, package_mocker, pytestconfig, record_property, record_testsuite_property, record_xml_attribute, recwarn, session_mocker, test_environment, testrun_uid, tmp_path, tmp_path_factory, tmpdir, tmpdir_factory, unused_tcp_port, unused_tcp_port_factory, unused_udp_port, unused_udp_port_factory, worker_id
&gt;       use 'pytest --fixtures [testpath]' for help on them.

/workspaces/Novamind-Backend-ONLY-TWINS/backend/app/tests/integration/test_mentallama_api.py:470</error></testcase><testcase classname="app.tests.integration.test_patient_repository_int.TestPatientRepository" name="test_create_patient" time="0.000"><error message="failed on setup with &quot;file /workspaces/Novamind-Backend-ONLY-TWINS/backend/app/tests/integration/test_patient_repository_int.py, line 46&#10;      async def test_create_patient(self, repository, sample_patient_data):&#10;          &quot;&quot;&quot;Test creating a patient in the database.&quot;&quot;&quot;&#10;          # Create a patient&#10;          patient = await repository.create(sample_patient_data)&#10;&#10;          # Verify patient was created&#10;          assert patient is not None&#10;          assert patient.id == sample_patient_data[&quot;id&quot;]&#10;          assert patient.name == sample_patient_data[&quot;name&quot;]&#10;          assert patient.email == sample_patient_data[&quot;email&quot;]&#10;&#10;          # Clean up - delete the patient&#10;          await repository.delete(patient.id)&#10;file /workspaces/Novamind-Backend-ONLY-TWINS/backend/app/tests/integration/test_patient_repository_int.py, line 24&#10;      @pytest.fixture&#10;      async def repository(self, db_session):&#10;          &quot;&quot;&quot;Create a patient repository with a real DB session.&quot;&quot;&quot;&#10;          return PatientRepository(db_session)&#10;E       fixture 'db_session' not found&#10;&gt;       available fixtures: _session_faker, anyio_backend, anyio_backend_name, anyio_backend_options, cache, capfd, capfdbinary, caplog, capsys, capsysbinary, class_mocker, cov, doctest_namespace, event_loop, extra, extras, faker, free_tcp_port, free_tcp_port_factory, free_udp_port, free_udp_port_factory, include_metadata_in_junit_xml, metadata, mocker, module_mocker, monkeypatch, no_cover, package_mocker, pytestconfig, record_property, record_testsuite_property, record_xml_attribute, recwarn, repository, sample_patient_data, session_mocker, test_environment, testrun_uid, tmp_path, tmp_path_factory, tmpdir, tmpdir_factory, unused_tcp_port, unused_tcp_port_factory, unused_udp_port, unused_udp_port_factory, worker_id&#10;&gt;       use 'pytest --fixtures [testpath]' for help on them.&#10;&#10;/workspaces/Novamind-Backend-ONLY-TWINS/backend/app/tests/integration/test_patient_repository_int.py:24&quot;">file /workspaces/Novamind-Backend-ONLY-TWINS/backend/app/tests/integration/test_patient_repository_int.py, line 46
      async def test_create_patient(self, repository, sample_patient_data):
          """Test creating a patient in the database."""
          # Create a patient
          patient = await repository.create(sample_patient_data)

          # Verify patient was created
          assert patient is not None
          assert patient.id == sample_patient_data["id"]
          assert patient.name == sample_patient_data["name"]
          assert patient.email == sample_patient_data["email"]

          # Clean up - delete the patient
          await repository.delete(patient.id)
file /workspaces/Novamind-Backend-ONLY-TWINS/backend/app/tests/integration/test_patient_repository_int.py, line 24
      @pytest.fixture
      async def repository(self, db_session):
          """Create a patient repository with a real DB session."""
          return PatientRepository(db_session)
E       fixture 'db_session' not found
&gt;       available fixtures: _session_faker, anyio_backend, anyio_backend_name, anyio_backend_options, cache, capfd, capfdbinary, caplog, capsys, capsysbinary, class_mocker, cov, doctest_namespace, event_loop, extra, extras, faker, free_tcp_port, free_tcp_port_factory, free_udp_port, free_udp_port_factory, include_metadata_in_junit_xml, metadata, mocker, module_mocker, monkeypatch, no_cover, package_mocker, pytestconfig, record_property, record_testsuite_property, record_xml_attribute, recwarn, repository, sample_patient_data, session_mocker, test_environment, testrun_uid, tmp_path, tmp_path_factory, tmpdir, tmpdir_factory, unused_tcp_port, unused_tcp_port_factory, unused_udp_port, unused_udp_port_factory, worker_id
&gt;       use 'pytest --fixtures [testpath]' for help on them.

/workspaces/Novamind-Backend-ONLY-TWINS/backend/app/tests/integration/test_patient_repository_int.py:24</error></testcase><testcase classname="app.tests.integration.test_patient_repository_int.TestPatientRepository" name="test_get_patient_by_id" time="0.000"><error message="failed on setup with &quot;file /workspaces/Novamind-Backend-ONLY-TWINS/backend/app/tests/integration/test_patient_repository_int.py, line 60&#10;      async def test_get_patient_by_id(self, repository, sample_patient_data):&#10;          &quot;&quot;&quot;Test retrieving a patient by ID from the database.&quot;&quot;&quot;&#10;          # Create a patient first&#10;          created_patient = await repository.create(sample_patient_data)&#10;&#10;          # Get the patient by ID&#10;          retrieved_patient = await repository.get_by_id(created_patient.id)&#10;&#10;          # Verify the patient was retrieved correctly&#10;          assert retrieved_patient is not None&#10;          assert retrieved_patient.id == created_patient.id&#10;          assert retrieved_patient.name == created_patient.name&#10;          assert retrieved_patient.email == created_patient.email&#10;&#10;          # Clean up&#10;          await repository.delete(created_patient.id)&#10;file /workspaces/Novamind-Backend-ONLY-TWINS/backend/app/tests/integration/test_patient_repository_int.py, line 24&#10;      @pytest.fixture&#10;      async def repository(self, db_session):&#10;          &quot;&quot;&quot;Create a patient repository with a real DB session.&quot;&quot;&quot;&#10;          return PatientRepository(db_session)&#10;E       fixture 'db_session' not found&#10;&gt;       available fixtures: _session_faker, anyio_backend, anyio_backend_name, anyio_backend_options, cache, capfd, capfdbinary, caplog, capsys, capsysbinary, class_mocker, cov, doctest_namespace, event_loop, extra, extras, faker, free_tcp_port, free_tcp_port_factory, free_udp_port, free_udp_port_factory, include_metadata_in_junit_xml, metadata, mocker, module_mocker, monkeypatch, no_cover, package_mocker, pytestconfig, record_property, record_testsuite_property, record_xml_attribute, recwarn, repository, sample_patient_data, session_mocker, test_environment, testrun_uid, tmp_path, tmp_path_factory, tmpdir, tmpdir_factory, unused_tcp_port, unused_tcp_port_factory, unused_udp_port, unused_udp_port_factory, worker_id&#10;&gt;       use 'pytest --fixtures [testpath]' for help on them.&#10;&#10;/workspaces/Novamind-Backend-ONLY-TWINS/backend/app/tests/integration/test_patient_repository_int.py:24&quot;">file /workspaces/Novamind-Backend-ONLY-TWINS/backend/app/tests/integration/test_patient_repository_int.py, line 60
      async def test_get_patient_by_id(self, repository, sample_patient_data):
          """Test retrieving a patient by ID from the database."""
          # Create a patient first
          created_patient = await repository.create(sample_patient_data)

          # Get the patient by ID
          retrieved_patient = await repository.get_by_id(created_patient.id)

          # Verify the patient was retrieved correctly
          assert retrieved_patient is not None
          assert retrieved_patient.id == created_patient.id
          assert retrieved_patient.name == created_patient.name
          assert retrieved_patient.email == created_patient.email

          # Clean up
          await repository.delete(created_patient.id)
file /workspaces/Novamind-Backend-ONLY-TWINS/backend/app/tests/integration/test_patient_repository_int.py, line 24
      @pytest.fixture
      async def repository(self, db_session):
          """Create a patient repository with a real DB session."""
          return PatientRepository(db_session)
E       fixture 'db_session' not found
&gt;       available fixtures: _session_faker, anyio_backend, anyio_backend_name, anyio_backend_options, cache, capfd, capfdbinary, caplog, capsys, capsysbinary, class_mocker, cov, doctest_namespace, event_loop, extra, extras, faker, free_tcp_port, free_tcp_port_factory, free_udp_port, free_udp_port_factory, include_metadata_in_junit_xml, metadata, mocker, module_mocker, monkeypatch, no_cover, package_mocker, pytestconfig, record_property, record_testsuite_property, record_xml_attribute, recwarn, repository, sample_patient_data, session_mocker, test_environment, testrun_uid, tmp_path, tmp_path_factory, tmpdir, tmpdir_factory, unused_tcp_port, unused_tcp_port_factory, unused_udp_port, unused_udp_port_factory, worker_id
&gt;       use 'pytest --fixtures [testpath]' for help on them.

/workspaces/Novamind-Backend-ONLY-TWINS/backend/app/tests/integration/test_patient_repository_int.py:24</error></testcase><testcase classname="app.tests.integration.test_patient_repository_int.TestPatientRepository" name="test_update_patient" time="0.000"><error message="failed on setup with &quot;file /workspaces/Novamind-Backend-ONLY-TWINS/backend/app/tests/integration/test_patient_repository_int.py, line 77&#10;      async def test_update_patient(self, repository, sample_patient_data):&#10;          &quot;&quot;&quot;Test updating a patient in the database.&quot;&quot;&quot;&#10;          # Create a patient first&#10;          created_patient = await repository.create(sample_patient_data)&#10;&#10;          # Update data&#10;          update_data = {&#10;              &quot;name&quot;: &quot;Updated Name&quot;,&#10;              &quot;email&quot;: &quot;updated.email@example.com&quot;&#10;          }&#10;&#10;          # Update the patient&#10;          updated_patient = await repository.update(created_patient.id, update_data)&#10;&#10;          # Verify the update&#10;          assert updated_patient is not None&#10;          assert updated_patient.id == created_patient.id&#10;          assert updated_patient.name == update_data[&quot;name&quot;]&#10;          assert updated_patient.email == update_data[&quot;email&quot;]&#10;&#10;          # Double-check by retrieving again&#10;          retrieved_patient = await repository.get_by_id(created_patient.id)&#10;          assert retrieved_patient.name == update_data[&quot;name&quot;]&#10;&#10;          # Clean up&#10;          await repository.delete(created_patient.id)&#10;file /workspaces/Novamind-Backend-ONLY-TWINS/backend/app/tests/integration/test_patient_repository_int.py, line 24&#10;      @pytest.fixture&#10;      async def repository(self, db_session):&#10;          &quot;&quot;&quot;Create a patient repository with a real DB session.&quot;&quot;&quot;&#10;          return PatientRepository(db_session)&#10;E       fixture 'db_session' not found&#10;&gt;       available fixtures: _session_faker, anyio_backend, anyio_backend_name, anyio_backend_options, cache, capfd, capfdbinary, caplog, capsys, capsysbinary, class_mocker, cov, doctest_namespace, event_loop, extra, extras, faker, free_tcp_port, free_tcp_port_factory, free_udp_port, free_udp_port_factory, include_metadata_in_junit_xml, metadata, mocker, module_mocker, monkeypatch, no_cover, package_mocker, pytestconfig, record_property, record_testsuite_property, record_xml_attribute, recwarn, repository, sample_patient_data, session_mocker, test_environment, testrun_uid, tmp_path, tmp_path_factory, tmpdir, tmpdir_factory, unused_tcp_port, unused_tcp_port_factory, unused_udp_port, unused_udp_port_factory, worker_id&#10;&gt;       use 'pytest --fixtures [testpath]' for help on them.&#10;&#10;/workspaces/Novamind-Backend-ONLY-TWINS/backend/app/tests/integration/test_patient_repository_int.py:24&quot;">file /workspaces/Novamind-Backend-ONLY-TWINS/backend/app/tests/integration/test_patient_repository_int.py, line 77
      async def test_update_patient(self, repository, sample_patient_data):
          """Test updating a patient in the database."""
          # Create a patient first
          created_patient = await repository.create(sample_patient_data)

          # Update data
          update_data = {
              "name": "Updated Name",
              "email": "updated.email@example.com"
          }

          # Update the patient
          updated_patient = await repository.update(created_patient.id, update_data)

          # Verify the update
          assert updated_patient is not None
          assert updated_patient.id == created_patient.id
          assert updated_patient.name == update_data["name"]
          assert updated_patient.email == update_data["email"]

          # Double-check by retrieving again
          retrieved_patient = await repository.get_by_id(created_patient.id)
          assert retrieved_patient.name == update_data["name"]

          # Clean up
          await repository.delete(created_patient.id)
file /workspaces/Novamind-Backend-ONLY-TWINS/backend/app/tests/integration/test_patient_repository_int.py, line 24
      @pytest.fixture
      async def repository(self, db_session):
          """Create a patient repository with a real DB session."""
          return PatientRepository(db_session)
E       fixture 'db_session' not found
&gt;       available fixtures: _session_faker, anyio_backend, anyio_backend_name, anyio_backend_options, cache, capfd, capfdbinary, caplog, capsys, capsysbinary, class_mocker, cov, doctest_namespace, event_loop, extra, extras, faker, free_tcp_port, free_tcp_port_factory, free_udp_port, free_udp_port_factory, include_metadata_in_junit_xml, metadata, mocker, module_mocker, monkeypatch, no_cover, package_mocker, pytestconfig, record_property, record_testsuite_property, record_xml_attribute, recwarn, repository, sample_patient_data, session_mocker, test_environment, testrun_uid, tmp_path, tmp_path_factory, tmpdir, tmpdir_factory, unused_tcp_port, unused_tcp_port_factory, unused_udp_port, unused_udp_port_factory, worker_id
&gt;       use 'pytest --fixtures [testpath]' for help on them.

/workspaces/Novamind-Backend-ONLY-TWINS/backend/app/tests/integration/test_patient_repository_int.py:24</error></testcase><testcase classname="app.tests.integration.test_patient_repository_int.TestPatientRepository" name="test_delete_patient" time="0.000"><error message="failed on setup with &quot;file /workspaces/Novamind-Backend-ONLY-TWINS/backend/app/tests/integration/test_patient_repository_int.py, line 104&#10;      async def test_delete_patient(self, repository, sample_patient_data):&#10;          &quot;&quot;&quot;Test deleting a patient from the database.&quot;&quot;&quot;&#10;          # Create a patient first&#10;          created_patient = await repository.create(sample_patient_data)&#10;&#10;          # Delete the patient&#10;          result = await repository.delete(created_patient.id)&#10;&#10;          # Verify deletion was successful&#10;          assert result is True&#10;&#10;          # Verify patient no longer exists&#10;          retrieved_patient = await repository.get_by_id(created_patient.id)&#10;          assert retrieved_patient is None&#10;file /workspaces/Novamind-Backend-ONLY-TWINS/backend/app/tests/integration/test_patient_repository_int.py, line 24&#10;      @pytest.fixture&#10;      async def repository(self, db_session):&#10;          &quot;&quot;&quot;Create a patient repository with a real DB session.&quot;&quot;&quot;&#10;          return PatientRepository(db_session)&#10;E       fixture 'db_session' not found&#10;&gt;       available fixtures: _session_faker, anyio_backend, anyio_backend_name, anyio_backend_options, cache, capfd, capfdbinary, caplog, capsys, capsysbinary, class_mocker, cov, doctest_namespace, event_loop, extra, extras, faker, free_tcp_port, free_tcp_port_factory, free_udp_port, free_udp_port_factory, include_metadata_in_junit_xml, metadata, mocker, module_mocker, monkeypatch, no_cover, package_mocker, pytestconfig, record_property, record_testsuite_property, record_xml_attribute, recwarn, repository, sample_patient_data, session_mocker, test_environment, testrun_uid, tmp_path, tmp_path_factory, tmpdir, tmpdir_factory, unused_tcp_port, unused_tcp_port_factory, unused_udp_port, unused_udp_port_factory, worker_id&#10;&gt;       use 'pytest --fixtures [testpath]' for help on them.&#10;&#10;/workspaces/Novamind-Backend-ONLY-TWINS/backend/app/tests/integration/test_patient_repository_int.py:24&quot;">file /workspaces/Novamind-Backend-ONLY-TWINS/backend/app/tests/integration/test_patient_repository_int.py, line 104
      async def test_delete_patient(self, repository, sample_patient_data):
          """Test deleting a patient from the database."""
          # Create a patient first
          created_patient = await repository.create(sample_patient_data)

          # Delete the patient
          result = await repository.delete(created_patient.id)

          # Verify deletion was successful
          assert result is True

          # Verify patient no longer exists
          retrieved_patient = await repository.get_by_id(created_patient.id)
          assert retrieved_patient is None
file /workspaces/Novamind-Backend-ONLY-TWINS/backend/app/tests/integration/test_patient_repository_int.py, line 24
      @pytest.fixture
      async def repository(self, db_session):
          """Create a patient repository with a real DB session."""
          return PatientRepository(db_session)
E       fixture 'db_session' not found
&gt;       available fixtures: _session_faker, anyio_backend, anyio_backend_name, anyio_backend_options, cache, capfd, capfdbinary, caplog, capsys, capsysbinary, class_mocker, cov, doctest_namespace, event_loop, extra, extras, faker, free_tcp_port, free_tcp_port_factory, free_udp_port, free_udp_port_factory, include_metadata_in_junit_xml, metadata, mocker, module_mocker, monkeypatch, no_cover, package_mocker, pytestconfig, record_property, record_testsuite_property, record_xml_attribute, recwarn, repository, sample_patient_data, session_mocker, test_environment, testrun_uid, tmp_path, tmp_path_factory, tmpdir, tmpdir_factory, unused_tcp_port, unused_tcp_port_factory, unused_udp_port, unused_udp_port_factory, worker_id
&gt;       use 'pytest --fixtures [testpath]' for help on them.

/workspaces/Novamind-Backend-ONLY-TWINS/backend/app/tests/integration/test_patient_repository_int.py:24</error></testcase><testcase classname="app.tests.integration.test_patient_repository_int.TestPatientRepository" name="test_get_all_patients" time="0.000"><error message="failed on setup with &quot;file /workspaces/Novamind-Backend-ONLY-TWINS/backend/app/tests/integration/test_patient_repository_int.py, line 119&#10;      async def test_get_all_patients(self, repository, sample_patient_data):&#10;          &quot;&quot;&quot;Test retrieving all patients from the database.&quot;&quot;&quot;&#10;          # Create multiple patients&#10;          patient_ids = []&#10;          for i in range(3):&#10;              data = sample_patient_data.copy()&#10;              data[&quot;id&quot;] = str(uuid.uuid4())&#10;              data[&quot;name&quot;] = f&quot;Test Patient {i}&quot;&#10;              data[&quot;email&quot;] = f&quot;patient{i}@example.com&quot;&#10;&#10;              patient = await repository.create(data)&#10;              patient_ids.append(patient.id)&#10;&#10;          # Get all patients&#10;          all_patients = await repository.get_all()&#10;&#10;          # Verify at least our test patients exist&#10;          assert len(all_patients) &gt;= 3&#10;          test_patients = [p for p in all_patients if p.id in patient_ids]&#10;          assert len(test_patients) == 3&#10;&#10;          # Clean up&#10;          for patient_id in patient_ids:&#10;              await repository.delete(patient_id)&#10;file /workspaces/Novamind-Backend-ONLY-TWINS/backend/app/tests/integration/test_patient_repository_int.py, line 24&#10;      @pytest.fixture&#10;      async def repository(self, db_session):&#10;          &quot;&quot;&quot;Create a patient repository with a real DB session.&quot;&quot;&quot;&#10;          return PatientRepository(db_session)&#10;E       fixture 'db_session' not found&#10;&gt;       available fixtures: _session_faker, anyio_backend, anyio_backend_name, anyio_backend_options, cache, capfd, capfdbinary, caplog, capsys, capsysbinary, class_mocker, cov, doctest_namespace, event_loop, extra, extras, faker, free_tcp_port, free_tcp_port_factory, free_udp_port, free_udp_port_factory, include_metadata_in_junit_xml, metadata, mocker, module_mocker, monkeypatch, no_cover, package_mocker, pytestconfig, record_property, record_testsuite_property, record_xml_attribute, recwarn, repository, sample_patient_data, session_mocker, test_environment, testrun_uid, tmp_path, tmp_path_factory, tmpdir, tmpdir_factory, unused_tcp_port, unused_tcp_port_factory, unused_udp_port, unused_udp_port_factory, worker_id&#10;&gt;       use 'pytest --fixtures [testpath]' for help on them.&#10;&#10;/workspaces/Novamind-Backend-ONLY-TWINS/backend/app/tests/integration/test_patient_repository_int.py:24&quot;">file /workspaces/Novamind-Backend-ONLY-TWINS/backend/app/tests/integration/test_patient_repository_int.py, line 119
      async def test_get_all_patients(self, repository, sample_patient_data):
          """Test retrieving all patients from the database."""
          # Create multiple patients
          patient_ids = []
          for i in range(3):
              data = sample_patient_data.copy()
              data["id"] = str(uuid.uuid4())
              data["name"] = f"Test Patient {i}"
              data["email"] = f"patient{i}@example.com"

              patient = await repository.create(data)
              patient_ids.append(patient.id)

          # Get all patients
          all_patients = await repository.get_all()

          # Verify at least our test patients exist
          assert len(all_patients) &gt;= 3
          test_patients = [p for p in all_patients if p.id in patient_ids]
          assert len(test_patients) == 3

          # Clean up
          for patient_id in patient_ids:
              await repository.delete(patient_id)
file /workspaces/Novamind-Backend-ONLY-TWINS/backend/app/tests/integration/test_patient_repository_int.py, line 24
      @pytest.fixture
      async def repository(self, db_session):
          """Create a patient repository with a real DB session."""
          return PatientRepository(db_session)
E       fixture 'db_session' not found
&gt;       available fixtures: _session_faker, anyio_backend, anyio_backend_name, anyio_backend_options, cache, capfd, capfdbinary, caplog, capsys, capsysbinary, class_mocker, cov, doctest_namespace, event_loop, extra, extras, faker, free_tcp_port, free_tcp_port_factory, free_udp_port, free_udp_port_factory, include_metadata_in_junit_xml, metadata, mocker, module_mocker, monkeypatch, no_cover, package_mocker, pytestconfig, record_property, record_testsuite_property, record_xml_attribute, recwarn, repository, sample_patient_data, session_mocker, test_environment, testrun_uid, tmp_path, tmp_path_factory, tmpdir, tmpdir_factory, unused_tcp_port, unused_tcp_port_factory, unused_udp_port, unused_udp_port_factory, worker_id
&gt;       use 'pytest --fixtures [testpath]' for help on them.

/workspaces/Novamind-Backend-ONLY-TWINS/backend/app/tests/integration/test_patient_repository_int.py:24</error></testcase><testcase classname="app.tests.integration.test_temporal_neurotransmitter_integration" name="test_temporal_service_with_xgboost_integration" time="0.001"><failure message="AttributeError: 'coroutine' object has no attribute 'generate_neurotransmitter_time_series'">temporal_service = &lt;coroutine object temporal_service at 0x7648ef8a67a0&gt;
xgboost_service = &lt;app.domain.services.enhanced_xgboost_service.EnhancedXGBoostService object at 0x7648ffa3a870&gt;
patient_id = UUID('6a204a85-d327-45fc-b8e6-2fe9a1d96a86')

    @pytest.mark.asyncio
    async def test_temporal_service_with_xgboost_integration(
        temporal_service: TemporalNeurotransmitterService,
        xgboost_service: EnhancedXGBoostService,
        patient_id: UUID
    ):
        """
        Test the integration between TemporalNeurotransmitterService and EnhancedXGBoostService.
    
        This test verifies that the temporal service correctly leverages XGBoost predictions
        to enhance treatment simulations.
        """
        # Set up - create a baseline sequence
&gt;       baseline_sequence_id = await temporal_service.generate_neurotransmitter_time_series(
            patient_id=patient_id,
            brain_region=BrainRegion.PREFRONTAL_CORTEX,
            neurotransmitter=Neurotransmitter.SEROTONIN,
            time_range_days=30,
            time_step_hours=6
        )
E       AttributeError: 'coroutine' object has no attribute 'generate_neurotransmitter_time_series'

app/tests/integration/test_temporal_neurotransmitter_integration.py:127: AttributeError</failure></testcase><testcase classname="app.tests.integration.test_temporal_neurotransmitter_integration" name="test_full_brain_region_coverage_with_visualization" time="0.001"><failure message="AttributeError: 'coroutine' object has no attribute 'get_cascade_visualization'">temporal_service = &lt;coroutine object temporal_service at 0x7648efd1c200&gt;
patient_id = UUID('ebe626f8-c9b7-4e60-b980-0353501462a6')

    @pytest.mark.asyncio
    async def test_full_brain_region_coverage_with_visualization(
        temporal_service: TemporalNeurotransmitterService,
        patient_id: UUID
    ):
        """
        Test complete horizontal coverage across brain regions with visualization.
    
        This test ensures that the service can generate visualizations for all brain regions.
        """
        # Test key brain regions with significant neurotransmitter involvement
        test_regions = [
            BrainRegion.PREFRONTAL_CORTEX,  # Executive function
            BrainRegion.AMYGDALA,           # Emotional processing
            BrainRegion.HIPPOCAMPUS,        # Memory
            BrainRegion.RAPHE_NUCLEI,       # Serotonin production
            BrainRegion.VENTRAL_TEGMENTAL_AREA  # Dopamine production
        ]
    
        visualization_data = {}
    
        # Generate visualization for each region
        for region in test_regions:
            # Create cascade visualization
&gt;           viz_data = await temporal_service.get_cascade_visualization(
                patient_id=patient_id,
                starting_region=region,
                neurotransmitter=Neurotransmitter.SEROTONIN,
                time_steps=5
            )
E           AttributeError: 'coroutine' object has no attribute 'get_cascade_visualization'

app/tests/integration/test_temporal_neurotransmitter_integration.py:216: AttributeError</failure></testcase><testcase classname="app.tests.integration.test_temporal_neurotransmitter_integration" name="test_full_neurotransmitter_coverage_with_treatment" time="0.001"><failure message="AttributeError: 'coroutine' object has no attribute 'simulate_treatment_response'">temporal_service = &lt;coroutine object temporal_service at 0x7648ef8a7680&gt;
patient_id = UUID('0e4e7167-ee92-4e85-96af-2dd3ca6aecbd')

    @pytest.mark.asyncio
    async def test_full_neurotransmitter_coverage_with_treatment(
        temporal_service: TemporalNeurotransmitterService,
        patient_id: UUID
    ):
        """
        Test complete horizontal coverage across neurotransmitters with treatment simulation.
    
        This test ensures that the service can simulate treatment effects for all neurotransmitters.
        """
        # Test major neurotransmitters involved in psychiatric conditions
        test_neurotransmitters = [
            Neurotransmitter.SEROTONIN,     # Depression, anxiety
            Neurotransmitter.DOPAMINE,      # Reward, addiction, psychosis
            Neurotransmitter.GABA,          # Anxiety, sleep
            Neurotransmitter.GLUTAMATE      # Learning, excitotoxicity
        ]
    
        treatment_results = {}
    
        # Simulate treatment for each neurotransmitter
        for nt in test_neurotransmitters:
            # Simulate treatment targeting this neurotransmitter
&gt;           response = await temporal_service.simulate_treatment_response(
                patient_id=patient_id,
                brain_region=BrainRegion.PREFRONTAL_CORTEX,
                target_neurotransmitter=nt,
                treatment_effect=0.5,
                simulation_days=7
            )
E           AttributeError: 'coroutine' object has no attribute 'simulate_treatment_response'

app/tests/integration/test_temporal_neurotransmitter_integration.py:272: AttributeError</failure></testcase><testcase classname="app.tests.integration.test_temporal_neurotransmitter_integration" name="test_api_integration_with_service" time="0.001"><error message="failed on setup with &quot;file /workspaces/Novamind-Backend-ONLY-TWINS/backend/app/tests/integration/test_temporal_neurotransmitter_integration.py, line 303&#10;  @pytest.mark.asyncio&#10;  async def test_api_integration_with_service(&#10;      client: TestClient, # Use client fixture from conftest.py&#10;      mock_current_user,&#10;      # test_app fixture removed&#10;      temporal_service,&#10;      patient_id&#10;  ):&#10;      &quot;&quot;&quot;&#10;      Test API integration with the neurotransmitter service.&#10;&#10;      This test verifies that the API layer correctly integrates with the service layer.&#10;      &quot;&quot;&quot;&#10;      # Setup - patch dependencies to use our service instance&#10;      with mock_current_user, patch(&#10;          &quot;app.api.dependencies.services.get_temporal_neurotransmitter_service&quot;,&#10;          return_value=AsyncMock(return_value=temporal_service)&#10;      ):&#10;          # Test 1: Generate time series&#10;          time_series_response = client.post( # Use client fixture&#10;              &quot;/api/v1/temporal-neurotransmitter/time-series&quot;,&#10;              json={&#10;                  &quot;patient_id&quot;: str(patient_id),&#10;                  &quot;brain_region&quot;: BrainRegion.PREFRONTAL_CORTEX.value,&#10;                  &quot;neurotransmitter&quot;: Neurotransmitter.SEROTONIN.value,&#10;                  &quot;time_range_days&quot;: 14,&#10;                  &quot;time_step_hours&quot;: 6&#10;              }&#10;          )&#10;&#10;          # Verify response&#10;          assert time_series_response.status_code == 201&#10;          assert &quot;sequence_id&quot; in time_series_response.json()&#10;&#10;          # Test 2: Simulate treatment&#10;          treatment_response = client.post( # Use client fixture&#10;              &quot;/api/v1/temporal-neurotransmitter/simulate-treatment&quot;,&#10;              json={&#10;                  &quot;patient_id&quot;: str(patient_id),&#10;                  &quot;brain_region&quot;: BrainRegion.PREFRONTAL_CORTEX.value,&#10;                  &quot;target_neurotransmitter&quot;: Neurotransmitter.SEROTONIN.value,&#10;                  &quot;treatment_effect&quot;: 0.5,&#10;                  &quot;simulation_days&quot;: 14&#10;              }&#10;          )&#10;&#10;          # Verify response&#10;          assert treatment_response.status_code == 200&#10;          assert &quot;sequence_ids&quot; in treatment_response.json()&#10;&#10;          # Extract a sequence ID for visualization test&#10;          first_sequence_id = list(treatment_response.json()[&quot;sequence_ids&quot;].values())[0]&#10;&#10;          # Test 3: Get visualization data&#10;          viz_response = client.post( # Use client fixture&#10;              &quot;/api/v1/temporal-neurotransmitter/visualization-data&quot;,&#10;              json={&#10;                  &quot;sequence_id&quot;: first_sequence_id&#10;              }&#10;          )&#10;&#10;          # Verify response&#10;          assert viz_response.status_code == 200&#10;          assert &quot;time_points&quot; in viz_response.json()&#10;          assert &quot;features&quot; in viz_response.json()&#10;          assert &quot;values&quot; in viz_response.json()&#10;E       fixture 'client' not found&#10;&gt;       available fixtures: _session_faker, anyio_backend, anyio_backend_name, anyio_backend_options, cache, capfd, capfdbinary, caplog, capsys, capsysbinary, class_mocker, cov, db_session, doctest_namespace, event_loop, event_repository, extra, extras, faker, free_tcp_port, free_tcp_port_factory, free_udp_port, free_udp_port_factory, include_metadata_in_junit_xml, metadata, mock_current_user, mocker, module_mocker, monkeypatch, no_cover, package_mocker, patient_id, pytestconfig, record_property, record_testsuite_property, record_xml_attribute, recwarn, sequence_repository, session_mocker, temporal_service, test_environment, testrun_uid, tmp_path, tmp_path_factory, tmpdir, tmpdir_factory, unused_tcp_port, unused_tcp_port_factory, unused_udp_port, unused_udp_port_factory, worker_id, xgboost_service&#10;&gt;       use 'pytest --fixtures [testpath]' for help on them.&#10;&#10;/workspaces/Novamind-Backend-ONLY-TWINS/backend/app/tests/integration/test_temporal_neurotransmitter_integration.py:303&quot;">file /workspaces/Novamind-Backend-ONLY-TWINS/backend/app/tests/integration/test_temporal_neurotransmitter_integration.py, line 303
  @pytest.mark.asyncio
  async def test_api_integration_with_service(
      client: TestClient, # Use client fixture from conftest.py
      mock_current_user,
      # test_app fixture removed
      temporal_service,
      patient_id
  ):
      """
      Test API integration with the neurotransmitter service.

      This test verifies that the API layer correctly integrates with the service layer.
      """
      # Setup - patch dependencies to use our service instance
      with mock_current_user, patch(
          "app.api.dependencies.services.get_temporal_neurotransmitter_service",
          return_value=AsyncMock(return_value=temporal_service)
      ):
          # Test 1: Generate time series
          time_series_response = client.post( # Use client fixture
              "/api/v1/temporal-neurotransmitter/time-series",
              json={
                  "patient_id": str(patient_id),
                  "brain_region": BrainRegion.PREFRONTAL_CORTEX.value,
                  "neurotransmitter": Neurotransmitter.SEROTONIN.value,
                  "time_range_days": 14,
                  "time_step_hours": 6
              }
          )

          # Verify response
          assert time_series_response.status_code == 201
          assert "sequence_id" in time_series_response.json()

          # Test 2: Simulate treatment
          treatment_response = client.post( # Use client fixture
              "/api/v1/temporal-neurotransmitter/simulate-treatment",
              json={
                  "patient_id": str(patient_id),
                  "brain_region": BrainRegion.PREFRONTAL_CORTEX.value,
                  "target_neurotransmitter": Neurotransmitter.SEROTONIN.value,
                  "treatment_effect": 0.5,
                  "simulation_days": 14
              }
          )

          # Verify response
          assert treatment_response.status_code == 200
          assert "sequence_ids" in treatment_response.json()

          # Extract a sequence ID for visualization test
          first_sequence_id = list(treatment_response.json()["sequence_ids"].values())[0]

          # Test 3: Get visualization data
          viz_response = client.post( # Use client fixture
              "/api/v1/temporal-neurotransmitter/visualization-data",
              json={
                  "sequence_id": first_sequence_id
              }
          )

          # Verify response
          assert viz_response.status_code == 200
          assert "time_points" in viz_response.json()
          assert "features" in viz_response.json()
          assert "values" in viz_response.json()
E       fixture 'client' not found
&gt;       available fixtures: _session_faker, anyio_backend, anyio_backend_name, anyio_backend_options, cache, capfd, capfdbinary, caplog, capsys, capsysbinary, class_mocker, cov, db_session, doctest_namespace, event_loop, event_repository, extra, extras, faker, free_tcp_port, free_tcp_port_factory, free_udp_port, free_udp_port_factory, include_metadata_in_junit_xml, metadata, mock_current_user, mocker, module_mocker, monkeypatch, no_cover, package_mocker, patient_id, pytestconfig, record_property, record_testsuite_property, record_xml_attribute, recwarn, sequence_repository, session_mocker, temporal_service, test_environment, testrun_uid, tmp_path, tmp_path_factory, tmpdir, tmpdir_factory, unused_tcp_port, unused_tcp_port_factory, unused_udp_port, unused_udp_port_factory, worker_id, xgboost_service
&gt;       use 'pytest --fixtures [testpath]' for help on them.

/workspaces/Novamind-Backend-ONLY-TWINS/backend/app/tests/integration/test_temporal_neurotransmitter_integration.py:303</error></testcase><testcase classname="app.tests.integration.test_temporal_wrapper" name="test_temporal_endpoints_integration" time="0.001"><error message="failed on setup with &quot;file /workspaces/Novamind-Backend-ONLY-TWINS/backend/app/tests/integration/test_temporal_wrapper.py, line 18&#10;  @pytest.mark.asyncio&#10;  async def test_temporal_endpoints_integration(&#10;      client,&#10;      mock_current_user,&#10;      temporal_service: TemporalNeurotransmitterService,&#10;      patient_id: UUID&#10;  ):&#10;      &quot;&quot;&quot;&#10;      Test API integration with the neurotransmitter service.&#10;&#10;      This test verifies that the API layer correctly integrates with the service layer&#10;      without directly importing the router module.&#10;      &quot;&quot;&quot;&#10;      # Setup - patch dependencies to use our service instance&#10;      with mock_current_user, patch(&#10;          &quot;app.api.dependencies.services.get_temporal_neurotransmitter_service&quot;,&#10;          return_value=AsyncMock(return_value=temporal_service)&#10;      ):&#10;          # Test 1: Generate time series&#10;          time_series_response = client.post(&#10;              &quot;/api/v1/temporal-neurotransmitter/time-series&quot;,&#10;              json={&#10;                  &quot;patient_id&quot;: str(patient_id),&#10;                  &quot;brain_region&quot;: BrainRegion.PREFRONTAL_CORTEX.value,&#10;                  &quot;neurotransmitter&quot;: Neurotransmitter.SEROTONIN.value,&#10;                  &quot;time_range_days&quot;: 14,&#10;                  &quot;time_step_hours&quot;: 6&#10;              }&#10;          )&#10;&#10;          # Verify response&#10;          assert time_series_response.status_code == 201&#10;          assert &quot;sequence_id&quot; in time_series_response.json()&#10;&#10;          # Test 2: Simulate treatment&#10;          treatment_response = client.post(&#10;              &quot;/api/v1/temporal-neurotransmitter/simulate-treatment&quot;,&#10;              json={&#10;                  &quot;patient_id&quot;: str(patient_id),&#10;                  &quot;brain_region&quot;: BrainRegion.PREFRONTAL_CORTEX.value,&#10;                  &quot;target_neurotransmitter&quot;: Neurotransmitter.SEROTONIN.value,&#10;                  &quot;treatment_effect&quot;: 0.5,&#10;                  &quot;simulation_days&quot;: 14&#10;              }&#10;          )&#10;&#10;          # Verify response&#10;          assert treatment_response.status_code == 200&#10;          assert &quot;sequence_ids&quot; in treatment_response.json()&#10;&#10;          # Extract a sequence ID for visualization test&#10;          first_sequence_id = list(treatment_response.json()[&quot;sequence_ids&quot;].values())[0]&#10;&#10;          # Test 3: Get visualization data&#10;          viz_response = client.post(&#10;              &quot;/api/v1/temporal-neurotransmitter/visualization-data&quot;,&#10;              json={&#10;                  &quot;sequence_id&quot;: first_sequence_id&#10;              }&#10;          )&#10;&#10;          # Verify response&#10;          assert viz_response.status_code == 200&#10;          assert &quot;time_points&quot; in viz_response.json()&#10;          assert &quot;features&quot; in viz_response.json()&#10;          assert &quot;values&quot; in viz_response.json()&#10;E       fixture 'client' not found&#10;&gt;       available fixtures: _session_faker, anyio_backend, anyio_backend_name, anyio_backend_options, cache, capfd, capfdbinary, caplog, capsys, capsysbinary, class_mocker, cov, doctest_namespace, event_loop, extra, extras, faker, free_tcp_port, free_tcp_port_factory, free_udp_port, free_udp_port_factory, include_metadata_in_junit_xml, metadata, mocker, module_mocker, monkeypatch, no_cover, package_mocker, pytestconfig, record_property, record_testsuite_property, record_xml_attribute, recwarn, session_mocker, test_environment, testrun_uid, tmp_path, tmp_path_factory, tmpdir, tmpdir_factory, unused_tcp_port, unused_tcp_port_factory, unused_udp_port, unused_udp_port_factory, worker_id&#10;&gt;       use 'pytest --fixtures [testpath]' for help on them.&#10;&#10;/workspaces/Novamind-Backend-ONLY-TWINS/backend/app/tests/integration/test_temporal_wrapper.py:18&quot;">file /workspaces/Novamind-Backend-ONLY-TWINS/backend/app/tests/integration/test_temporal_wrapper.py, line 18
  @pytest.mark.asyncio
  async def test_temporal_endpoints_integration(
      client,
      mock_current_user,
      temporal_service: TemporalNeurotransmitterService,
      patient_id: UUID
  ):
      """
      Test API integration with the neurotransmitter service.

      This test verifies that the API layer correctly integrates with the service layer
      without directly importing the router module.
      """
      # Setup - patch dependencies to use our service instance
      with mock_current_user, patch(
          "app.api.dependencies.services.get_temporal_neurotransmitter_service",
          return_value=AsyncMock(return_value=temporal_service)
      ):
          # Test 1: Generate time series
          time_series_response = client.post(
              "/api/v1/temporal-neurotransmitter/time-series",
              json={
                  "patient_id": str(patient_id),
                  "brain_region": BrainRegion.PREFRONTAL_CORTEX.value,
                  "neurotransmitter": Neurotransmitter.SEROTONIN.value,
                  "time_range_days": 14,
                  "time_step_hours": 6
              }
          )

          # Verify response
          assert time_series_response.status_code == 201
          assert "sequence_id" in time_series_response.json()

          # Test 2: Simulate treatment
          treatment_response = client.post(
              "/api/v1/temporal-neurotransmitter/simulate-treatment",
              json={
                  "patient_id": str(patient_id),
                  "brain_region": BrainRegion.PREFRONTAL_CORTEX.value,
                  "target_neurotransmitter": Neurotransmitter.SEROTONIN.value,
                  "treatment_effect": 0.5,
                  "simulation_days": 14
              }
          )

          # Verify response
          assert treatment_response.status_code == 200
          assert "sequence_ids" in treatment_response.json()

          # Extract a sequence ID for visualization test
          first_sequence_id = list(treatment_response.json()["sequence_ids"].values())[0]

          # Test 3: Get visualization data
          viz_response = client.post(
              "/api/v1/temporal-neurotransmitter/visualization-data",
              json={
                  "sequence_id": first_sequence_id
              }
          )

          # Verify response
          assert viz_response.status_code == 200
          assert "time_points" in viz_response.json()
          assert "features" in viz_response.json()
          assert "values" in viz_response.json()
E       fixture 'client' not found
&gt;       available fixtures: _session_faker, anyio_backend, anyio_backend_name, anyio_backend_options, cache, capfd, capfdbinary, caplog, capsys, capsysbinary, class_mocker, cov, doctest_namespace, event_loop, extra, extras, faker, free_tcp_port, free_tcp_port_factory, free_udp_port, free_udp_port_factory, include_metadata_in_junit_xml, metadata, mocker, module_mocker, monkeypatch, no_cover, package_mocker, pytestconfig, record_property, record_testsuite_property, record_xml_attribute, recwarn, session_mocker, test_environment, testrun_uid, tmp_path, tmp_path_factory, tmpdir, tmpdir_factory, unused_tcp_port, unused_tcp_port_factory, unused_udp_port, unused_udp_port_factory, worker_id
&gt;       use 'pytest --fixtures [testpath]' for help on them.

/workspaces/Novamind-Backend-ONLY-TWINS/backend/app/tests/integration/test_temporal_wrapper.py:18</error></testcase><testcase classname="app.tests.integration.api.test_actigraphy_api.TestActigraphyAPI" name="test_analyze_actigraphy" time="0.001"><failure message="pydantic_core._pydantic_core.ValidationError: 2 validation errors for DeviceInfo&#10;manufacturer&#10;  Field required [type=missing, input_value={'device_type': 'fitbit',...mware_version': '1.2.3'}, input_type=dict]&#10;    For further information visit https://errors.pydantic.dev/2.9/v/missing&#10;position&#10;  Field required [type=missing, input_value={'device_type': 'fitbit',...mware_version': '1.2.3'}, input_type=dict]&#10;    For further information visit https://errors.pydantic.dev/2.9/v/missing">self = &lt;test_actigraphy_api.TestActigraphyAPI object at 0x7648efb64830&gt;
client = &lt;starlette.testclient.TestClient object at 0x7648ffaae3c0&gt;

    def test_analyze_actigraphy(self, client: TestClient):
        """Test the analyze actigraphy endpoint."""
        # Prepare test data
        patient_id = "test-patient-1"
        readings = [
            AccelerometerReading(
                timestamp=reading["timestamp"],
                x=reading["x"],
                y=reading["y"],
                z=reading["z"]
            )
            for reading in create_sample_readings(20)
        ]
        start_time = (datetime.now() - timedelta(hours=1)).isoformat()
        end_time = datetime.now().isoformat()
    
&gt;       device_info = DeviceInfo(
            device_type="fitbit",
            model="versa-3",
            firmware_version="1.2.3"
        )
E       pydantic_core._pydantic_core.ValidationError: 2 validation errors for DeviceInfo
E       manufacturer
E         Field required [type=missing, input_value={'device_type': 'fitbit',...mware_version': '1.2.3'}, input_type=dict]
E           For further information visit https://errors.pydantic.dev/2.9/v/missing
E       position
E         Field required [type=missing, input_value={'device_type': 'fitbit',...mware_version': '1.2.3'}, input_type=dict]
E           For further information visit https://errors.pydantic.dev/2.9/v/missing

app/tests/integration/api/test_actigraphy_api.py:166: ValidationError</failure></testcase><testcase classname="app.tests.integration.api.test_actigraphy_api.TestActigraphyAPI" name="test_get_embeddings" time="0.010"><failure message="assert 404 == 200&#10; +  where 404 = &lt;Response [404 Not Found]&gt;.status_code&#10; +  and   200 = status.HTTP_200_OK">self = &lt;test_actigraphy_api.TestActigraphyAPI object at 0x7648efb64140&gt;
client = &lt;starlette.testclient.TestClient object at 0x7648ffad8e00&gt;

    def test_get_embeddings(self, client: TestClient):
        """Test the get embeddings endpoint."""
        # Prepare test data
        patient_id = "test-patient-1"
        readings = [
            AccelerometerReading(
                timestamp=reading["timestamp"],
                x=reading["x"],
                y=reading["y"],
                z=reading["z"]
            )
            for reading in create_sample_readings(20)
        ]
        start_time = (datetime.now() - timedelta(hours=1)).isoformat()
        end_time = datetime.now().isoformat()
    
        request_data = {
            "patient_id": patient_id,
            "readings": [reading.model_dump() for reading in readings],
            "start_time": start_time,
            "end_time": end_time,
            "sampling_rate_hz": 10.0
        }
    
        # Make request
        response = client.post(
            "/api/actigraphy/embeddings",
            json=request_data,
            headers={"Authorization": "Bearer test-token"}
        )
    
        # Verify response
&gt;       assert response.status_code == status.HTTP_200_OK
E       assert 404 == 200
E        +  where 404 = &lt;Response [404 Not Found]&gt;.status_code
E        +  and   200 = status.HTTP_200_OK

app/tests/integration/api/test_actigraphy_api.py:242: AssertionError</failure></testcase><testcase classname="app.tests.integration.api.test_actigraphy_api.TestActigraphyAPI" name="test_get_analysis_by_id" time="0.001"><failure message="AttributeError: 'MockPATService' object has no attribute 'analyze_actigraphy'">self = &lt;test_actigraphy_api.TestActigraphyAPI object at 0x7648efb65a60&gt;
client = &lt;starlette.testclient.TestClient object at 0x7648ef358620&gt;
mock_pat_service = &lt;app.core.services.ml.pat.mock.MockPATService object at 0x7648ffad9ca0&gt;

    def test_get_analysis_by_id(self, client: TestClient, mock_pat_service: MockPATService):
        """Test retrieving an analysis by ID."""
        # First create an analysis
        patient_id = "test-patient-1"
        readings = create_sample_readings(20)
        start_time = datetime.now() - timedelta(hours=1)
        end_time = datetime.now()
    
&gt;       analysis = mock_pat_service.analyze_actigraphy(
            patient_id=patient_id,
            readings=readings,
            start_time=start_time.isoformat(),
            end_time=end_time.isoformat(),
            sampling_rate_hz=10.0,
            device_info={"device_type": "fitbit", "model": "versa-3"},
            analysis_types=["sleep_quality"]
        )
E       AttributeError: 'MockPATService' object has no attribute 'analyze_actigraphy'

app/tests/integration/api/test_actigraphy_api.py:260: AttributeError</failure></testcase><testcase classname="app.tests.integration.api.test_actigraphy_api.TestActigraphyAPI" name="test_get_patient_analyses" time="0.001"><failure message="AttributeError: 'MockPATService' object has no attribute 'analyze_actigraphy'">self = &lt;test_actigraphy_api.TestActigraphyAPI object at 0x7648efb65c10&gt;
client = &lt;starlette.testclient.TestClient object at 0x7648ef359d30&gt;
mock_pat_service = &lt;app.core.services.ml.pat.mock.MockPATService object at 0x7648ef3594f0&gt;

    def test_get_patient_analyses(self, client: TestClient, mock_pat_service: MockPATService):
        """Test retrieving analyses for a patient."""
        # First create multiple analyses for the same patient
        patient_id = "test-patient-2"
    
        for i in range(3):
            readings = create_sample_readings(20)
            start_time = datetime.now() - timedelta(hours=i+1)
            end_time = datetime.now() - timedelta(hours=i)
    
&gt;           mock_pat_service.analyze_actigraphy(
                patient_id=patient_id,
                readings=readings,
                start_time=start_time.isoformat(),
                end_time=end_time.isoformat(),
                sampling_rate_hz=10.0,
                device_info={"device_type": "fitbit", "model": "versa-3"},
                analysis_types=["sleep_quality", "activity_levels"]
            )
E           AttributeError: 'MockPATService' object has no attribute 'analyze_actigraphy'

app/tests/integration/api/test_actigraphy_api.py:295: AttributeError</failure></testcase><testcase classname="app.tests.integration.api.test_actigraphy_api.TestActigraphyAPI" name="test_get_model_info" time="0.003" /><testcase classname="app.tests.integration.api.test_actigraphy_api.TestActigraphyAPI" name="test_integrate_with_digital_twin" time="0.001"><failure message="AttributeError: 'MockPATService' object has no attribute 'analyze_actigraphy'">self = &lt;test_actigraphy_api.TestActigraphyAPI object at 0x7648efb65f70&gt;
client = &lt;starlette.testclient.TestClient object at 0x7648ef3a9190&gt;
mock_pat_service = &lt;app.core.services.ml.pat.mock.MockPATService object at 0x7648ef35bec0&gt;

    def test_integrate_with_digital_twin(self, client: TestClient, mock_pat_service: MockPATService):
        """Test integrating actigraphy analysis with a digital twin."""
        # Prepare test data
        patient_id = "test-patient-1"
        profile_id = "test-profile-1"
    
        # First create an analysis
        readings = create_sample_readings(20)
        start_time = datetime.now() - timedelta(hours=1)
        end_time = datetime.now()
    
&gt;       analysis = mock_pat_service.analyze_actigraphy(
            patient_id=patient_id,
            readings=readings,
            start_time=start_time.isoformat(),
            end_time=end_time.isoformat(),
            sampling_rate_hz=10.0,
            device_info={"device_type": "fitbit", "model": "versa-3"},
            analysis_types=["sleep_quality", "activity_levels"]
        )
E       AttributeError: 'MockPATService' object has no attribute 'analyze_actigraphy'

app/tests/integration/api/test_actigraphy_api.py:354: AttributeError</failure></testcase><testcase classname="app.tests.integration.api.test_actigraphy_api.TestActigraphyAPI" name="test_unauthorized_access" time="0.002"><failure message="assert 404 == 403&#10; +  where 404 = &lt;Response [404 Not Found]&gt;.status_code&#10; +  and   403 = status.HTTP_403_FORBIDDEN">self = &lt;test_actigraphy_api.TestActigraphyAPI object at 0x7648efb66120&gt;
client = &lt;starlette.testclient.TestClient object at 0x7648ef35a960&gt;

    def test_unauthorized_access(self, client: TestClient):
        """Test unauthorized access to the API."""
        # Make request without token
        response = client.get(
            "/api/actigraphy/model-info"
        )
    
        # Verify response
&gt;       assert response.status_code == status.HTTP_403_FORBIDDEN
E       assert 404 == 403
E        +  where 404 = &lt;Response [404 Not Found]&gt;.status_code
E        +  and   403 = status.HTTP_403_FORBIDDEN

app/tests/integration/api/test_actigraphy_api.py:395: AssertionError</failure></testcase><testcase classname="app.tests.integration.api.test_actigraphy_api_integration.TestActigraphyAPI" name="test_analyze_actigraphy" time="0.000"><error message="failed on setup with &quot;file /workspaces/Novamind-Backend-ONLY-TWINS/backend/app/tests/integration/api/test_actigraphy_api_integration.py, line 82&#10;      def test_analyze_actigraphy(self, client: TestClient, auth_headers, actigraphy_data): # Use client fixture&#10;E       fixture 'client' not found&#10;&gt;       available fixtures: _session_faker, actigraphy_data, anyio_backend, anyio_backend_name, anyio_backend_options, auth_headers, cache, capfd, capfdbinary, caplog, capsys, capsysbinary, class_mocker, cov, doctest_namespace, event_loop, extra, extras, faker, free_tcp_port, free_tcp_port_factory, free_udp_port, free_udp_port_factory, include_metadata_in_junit_xml, metadata, mock_pat_service, mocker, module_mocker, monkeypatch, no_cover, package_mocker, pytestconfig, record_property, record_testsuite_property, record_xml_attribute, recwarn, session_mocker, test_environment, testrun_uid, tmp_path, tmp_path_factory, tmpdir, tmpdir_factory, unused_tcp_port, unused_tcp_port_factory, unused_udp_port, unused_udp_port_factory, worker_id&#10;&gt;       use 'pytest --fixtures [testpath]' for help on them.&#10;&#10;/workspaces/Novamind-Backend-ONLY-TWINS/backend/app/tests/integration/api/test_actigraphy_api_integration.py:82&quot;">file /workspaces/Novamind-Backend-ONLY-TWINS/backend/app/tests/integration/api/test_actigraphy_api_integration.py, line 82
      def test_analyze_actigraphy(self, client: TestClient, auth_headers, actigraphy_data): # Use client fixture
E       fixture 'client' not found
[...]
&gt;       use 'pytest --fixtures [testpath]' for help on them.

/workspaces/Novamind-Backend-ONLY-TWINS/backend/app/tests/api/unit/test_xgboost_endpoints.py:244</error></testcase><testcase classname="app.tests.api.unit.test_xgboost_endpoints" name="test_predict_outcome_endpoint" time="0.000"><error message="failed on setup with &quot;file /workspaces/Novamind-Backend-ONLY-TWINS/backend/app/tests/api/unit/test_xgboost_endpoints.py, line 287&#10;  def test_predict_outcome_endpoint(client: TestClient, mock_dependencies):&#10;E       fixture 'client' not found&#10;&gt;       available fixtures: _session_faker, anyio_backend, anyio_backend_name, anyio_backend_options, cache, capfd, capfdbinary, caplog, capsys, capsysbinary, class_mocker, cov, doctest_namespace, event_loop, extra, extras, faker, free_tcp_port, free_tcp_port_factory, free_udp_port, free_udp_port_factory, include_metadata_in_junit_xml, metadata, mock_dependencies, mock_error_dependencies, mocker, module_mocker, monkeypatch, no_cover, package_mocker, pytestconfig, record_property, record_testsuite_property, record_xml_attribute, recwarn, session_mocker, test_environment, testrun_uid, tmp_path, tmp_path_factory, tmpdir, tmpdir_factory, unused_tcp_port, unused_tcp_port_factory, unused_udp_port, unused_udp_port_factory, worker_id&#10;&gt;       use 'pytest --fixtures [testpath]' for help on them.&#10;&#10;/workspaces/Novamind-Backend-ONLY-TWINS/backend/app/tests/api/unit/test_xgboost_endpoints.py:287&quot;">file /workspaces/Novamind-Backend-ONLY-TWINS/backend/app/tests/api/unit/test_xgboost_endpoints.py, line 287
  def test_predict_outcome_endpoint(client: TestClient, mock_dependencies):
E       fixture 'client' not found
&gt;       available fixtures: _session_faker, anyio_backend, anyio_backend_name, anyio_backend_options, cache, capfd, capfdbinary, caplog, capsys, capsysbinary, class_mocker, cov, doctest_namespace, event_loop, extra, extras, faker, free_tcp_port, free_tcp_port_factory, free_udp_port, free_udp_port_factory, include_metadata_in_junit_xml, metadata, mock_dependencies, mock_error_dependencies, mocker, module_mocker, monkeypatch, no_cover, package_mocker, pytestconfig, record_property, record_testsuite_property, record_xml_attribute, recwarn, session_mocker, test_environment, testrun_uid, tmp_path, tmp_path_factory, tmpdir, tmpdir_factory, unused_tcp_port, unused_tcp_port_factory, unused_udp_port, unused_udp_port_factory, worker_id
&gt;       use 'pytest --fixtures [testpath]' for help on them.

/workspaces/Novamind-Backend-ONLY-TWINS/backend/app/tests/api/unit/test_xgboost_endpoints.py:287</error></testcase><testcase classname="app.tests.api.unit.test_xgboost_endpoints" name="test_get_feature_importance_endpoint" time="0.000"><error message="failed on setup with &quot;file /workspaces/Novamind-Backend-ONLY-TWINS/backend/app/tests/api/unit/test_xgboost_endpoints.py, line 333&#10;  def test_get_feature_importance_endpoint(client: TestClient, mock_dependencies):&#10;E       fixture 'client' not found&#10;&gt;       available fixtures: _session_faker, anyio_backend, anyio_backend_name, anyio_backend_options, cache, capfd, capfdbinary, caplog, capsys, capsysbinary, class_mocker, cov, doctest_namespace, event_loop, extra, extras, faker, free_tcp_port, free_tcp_port_factory, free_udp_port, free_udp_port_factory, include_metadata_in_junit_xml, metadata, mock_dependencies, mock_error_dependencies, mocker, module_mocker, monkeypatch, no_cover, package_mocker, pytestconfig, record_property, record_testsuite_property, record_xml_attribute, recwarn, session_mocker, test_environment, testrun_uid, tmp_path, tmp_path_factory, tmpdir, tmpdir_factory, unused_tcp_port, unused_tcp_port_factory, unused_udp_port, unused_udp_port_factory, worker_id&#10;&gt;       use 'pytest --fixtures [testpath]' for help on them.&#10;&#10;/workspaces/Novamind-Backend-ONLY-TWINS/backend/app/tests/api/unit/test_xgboost_endpoints.py:333&quot;">file /workspaces/Novamind-Backend-ONLY-TWINS/backend/app/tests/api/unit/test_xgboost_endpoints.py, line 333
  def test_get_feature_importance_endpoint(client: TestClient, mock_dependencies):
E       fixture 'client' not found
&gt;       available fixtures: _session_faker, anyio_backend, anyio_backend_name, anyio_backend_options, cache, capfd, capfdbinary, caplog, capsys, capsysbinary, class_mocker, cov, doctest_namespace, event_loop, extra, extras, faker, free_tcp_port, free_tcp_port_factory, free_udp_port, free_udp_port_factory, include_metadata_in_junit_xml, metadata, mock_dependencies, mock_error_dependencies, mocker, module_mocker, monkeypatch, no_cover, package_mocker, pytestconfig, record_property, record_testsuite_property, record_xml_attribute, recwarn, session_mocker, test_environment, testrun_uid, tmp_path, tmp_path_factory, tmpdir, tmpdir_factory, unused_tcp_port, unused_tcp_port_factory, unused_udp_port, unused_udp_port_factory, worker_id
&gt;       use 'pytest --fixtures [testpath]' for help on them.

/workspaces/Novamind-Backend-ONLY-TWINS/backend/app/tests/api/unit/test_xgboost_endpoints.py:333</error></testcase><testcase classname="app.tests.api.unit.test_xgboost_endpoints" name="test_digital_twin_integration_endpoint" time="0.000"><error message="failed on setup with &quot;file /workspaces/Novamind-Backend-ONLY-TWINS/backend/app/tests/api/unit/test_xgboost_endpoints.py, line 359&#10;  def test_digital_twin_integration_endpoint(client: TestClient, mock_dependencies):&#10;E       fixture 'client' not found&#10;&gt;       available fixtures: _session_faker, anyio_backend, anyio_backend_name, anyio_backend_options, cache, capfd, capfdbinary, caplog, capsys, capsysbinary, class_mocker, cov, doctest_namespace, event_loop, extra, extras, faker, free_tcp_port, free_tcp_port_factory, free_udp_port, free_udp_port_factory, include_metadata_in_junit_xml, metadata, mock_dependencies, mock_error_dependencies, mocker, module_mocker, monkeypatch, no_cover, package_mocker, pytestconfig, record_property, record_testsuite_property, record_xml_attribute, recwarn, session_mocker, test_environment, testrun_uid, tmp_path, tmp_path_factory, tmpdir, tmpdir_factory, unused_tcp_port, unused_tcp_port_factory, unused_udp_port, unused_udp_port_factory, worker_id&#10;&gt;       use 'pytest --fixtures [testpath]' for help on them.&#10;&#10;/workspaces/Novamind-Backend-ONLY-TWINS/backend/app/tests/api/unit/test_xgboost_endpoints.py:359&quot;">file /workspaces/Novamind-Backend-ONLY-TWINS/backend/app/tests/api/unit/test_xgboost_endpoints.py, line 359
  def test_digital_twin_integration_endpoint(client: TestClient, mock_dependencies):
E       fixture 'client' not found
&gt;       available fixtures: _session_faker, anyio_backend, anyio_backend_name, anyio_backend_options, cache, capfd, capfdbinary, caplog, capsys, capsysbinary, class_mocker, cov, doctest_namespace, event_loop, extra, extras, faker, free_tcp_port, free_tcp_port_factory, free_udp_port, free_udp_port_factory, include_metadata_in_junit_xml, metadata, mock_dependencies, mock_error_dependencies, mocker, module_mocker, monkeypatch, no_cover, package_mocker, pytestconfig, record_property, record_testsuite_property, record_xml_attribute, recwarn, session_mocker, test_environment, testrun_uid, tmp_path, tmp_path_factory, tmpdir, tmpdir_factory, unused_tcp_port, unused_tcp_port_factory, unused_udp_port, unused_udp_port_factory, worker_id
&gt;       use 'pytest --fixtures [testpath]' for help on them.

/workspaces/Novamind-Backend-ONLY-TWINS/backend/app/tests/api/unit/test_xgboost_endpoints.py:359</error></testcase><testcase classname="app.tests.api.unit.test_xgboost_endpoints" name="test_model_info_endpoint" time="0.000"><error message="failed on setup with &quot;file /workspaces/Novamind-Backend-ONLY-TWINS/backend/app/tests/api/unit/test_xgboost_endpoints.py, line 384&#10;  def test_model_info_endpoint(client: TestClient, mock_dependencies):&#10;E       fixture 'client' not found&#10;&gt;       available fixtures: _session_faker, anyio_backend, anyio_backend_name, anyio_backend_options, cache, capfd, capfdbinary, caplog, capsys, capsysbinary, class_mocker, cov, doctest_namespace, event_loop, extra, extras, faker, free_tcp_port, free_tcp_port_factory, free_udp_port, free_udp_port_factory, include_metadata_in_junit_xml, metadata, mock_dependencies, mock_error_dependencies, mocker, module_mocker, monkeypatch, no_cover, package_mocker, pytestconfig, record_property, record_testsuite_property, record_xml_attribute, recwarn, session_mocker, test_environment, testrun_uid, tmp_path, tmp_path_factory, tmpdir, tmpdir_factory, unused_tcp_port, unused_tcp_port_factory, unused_udp_port, unused_udp_port_factory, worker_id&#10;&gt;       use 'pytest --fixtures [testpath]' for help on them.&#10;&#10;/workspaces/Novamind-Backend-ONLY-TWINS/backend/app/tests/api/unit/test_xgboost_endpoints.py:384&quot;">file /workspaces/Novamind-Backend-ONLY-TWINS/backend/app/tests/api/unit/test_xgboost_endpoints.py, line 384
  def test_model_info_endpoint(client: TestClient, mock_dependencies):
E       fixture 'client' not found
&gt;       available fixtures: _session_faker, anyio_backend, anyio_backend_name, anyio_backend_options, cache, capfd, capfdbinary, caplog, capsys, capsysbinary, class_mocker, cov, doctest_namespace, event_loop, extra, extras, faker, free_tcp_port, free_tcp_port_factory, free_udp_port, free_udp_port_factory, include_metadata_in_junit_xml, metadata, mock_dependencies, mock_error_dependencies, mocker, module_mocker, monkeypatch, no_cover, package_mocker, pytestconfig, record_property, record_testsuite_property, record_xml_attribute, recwarn, session_mocker, test_environment, testrun_uid, tmp_path, tmp_path_factory, tmpdir, tmpdir_factory, unused_tcp_port, unused_tcp_port_factory, unused_udp_port, unused_udp_port_factory, worker_id
&gt;       use 'pytest --fixtures [testpath]' for help on them.

/workspaces/Novamind-Backend-ONLY-TWINS/backend/app/tests/api/unit/test_xgboost_endpoints.py:384</error></testcase><testcase classname="app.tests.api.unit.test_xgboost_endpoints" name="test_model_not_found_error" time="0.000"><error message="failed on setup with &quot;file /workspaces/Novamind-Backend-ONLY-TWINS/backend/app/tests/api/unit/test_xgboost_endpoints.py, line 410&#10;  def test_model_not_found_error(client: TestClient, mock_error_dependencies):&#10;E       fixture 'client' not found&#10;&gt;       available fixtures: _session_faker, anyio_backend, anyio_backend_name, anyio_backend_options, cache, capfd, capfdbinary, caplog, capsys, capsysbinary, class_mocker, cov, doctest_namespace, event_loop, extra, extras, faker, free_tcp_port, free_tcp_port_factory, free_udp_port, free_udp_port_factory, include_metadata_in_junit_xml, metadata, mock_dependencies, mock_error_dependencies, mocker, module_mocker, monkeypatch, no_cover, package_mocker, pytestconfig, record_property, record_testsuite_property, record_xml_attribute, recwarn, session_mocker, test_environment, testrun_uid, tmp_path, tmp_path_factory, tmpdir, tmpdir_factory, unused_tcp_port, unused_tcp_port_factory, unused_udp_port, unused_udp_port_factory, worker_id&#10;&gt;       use 'pytest --fixtures [testpath]' for help on them.&#10;&#10;/workspaces/Novamind-Backend-ONLY-TWINS/backend/app/tests/api/unit/test_xgboost_endpoints.py:410&quot;">file /workspaces/Novamind-Backend-ONLY-TWINS/backend/app/tests/api/unit/test_xgboost_endpoints.py, line 410
  def test_model_not_found_error(client: TestClient, mock_error_dependencies):
E       fixture 'client' not found
&gt;       available fixtures: _session_faker, anyio_backend, anyio_backend_name, anyio_backend_options, cache, capfd, capfdbinary, caplog, capsys, capsysbinary, class_mocker, cov, doctest_namespace, event_loop, extra, extras, faker, free_tcp_port, free_tcp_port_factory, free_udp_port, free_udp_port_factory, include_metadata_in_junit_xml, metadata, mock_dependencies, mock_error_dependencies, mocker, module_mocker, monkeypatch, no_cover, package_mocker, pytestconfig, record_property, record_testsuite_property, record_xml_attribute, recwarn, session_mocker, test_environment, testrun_uid, tmp_path, tmp_path_factory, tmpdir, tmpdir_factory, unused_tcp_port, unused_tcp_port_factory, unused_udp_port, unused_udp_port_factory, worker_id
&gt;       use 'pytest --fixtures [testpath]' for help on them.

/workspaces/Novamind-Backend-ONLY-TWINS/backend/app/tests/api/unit/test_xgboost_endpoints.py:410</error></testcase><testcase classname="app.tests.api.unit.test_xgboost_endpoints" name="test_prediction_error" time="0.001"><error message="failed on setup with &quot;file /workspaces/Novamind-Backend-ONLY-TWINS/backend/app/tests/api/unit/test_xgboost_endpoints.py, line 431&#10;  def test_prediction_error(client: TestClient, mock_error_dependencies):&#10;E       fixture 'client' not found&#10;&gt;       available fixtures: _session_faker, anyio_backend, anyio_backend_name, anyio_backend_options, cache, capfd, capfdbinary, caplog, capsys, capsysbinary, class_mocker, cov, doctest_namespace, event_loop, extra, extras, faker, free_tcp_port, free_tcp_port_factory, free_udp_port, free_udp_port_factory, include_metadata_in_junit_xml, metadata, mock_dependencies, mock_error_dependencies, mocker, module_mocker, monkeypatch, no_cover, package_mocker, pytestconfig, record_property, record_testsuite_property, record_xml_attribute, recwarn, session_mocker, test_environment, testrun_uid, tmp_path, tmp_path_factory, tmpdir, tmpdir_factory, unused_tcp_port, unused_tcp_port_factory, unused_udp_port, unused_udp_port_factory, worker_id&#10;&gt;       use 'pytest --fixtures [testpath]' for help on them.&#10;&#10;/workspaces/Novamind-Backend-ONLY-TWINS/backend/app/tests/api/unit/test_xgboost_endpoints.py:431&quot;">file /workspaces/Novamind-Backend-ONLY-TWINS/backend/app/tests/api/unit/test_xgboost_endpoints.py, line 431
  def test_prediction_error(client: TestClient, mock_error_dependencies):
E       fixture 'client' not found
&gt;       available fixtures: _session_faker, anyio_backend, anyio_backend_name, anyio_backend_options, cache, capfd, capfdbinary, caplog, capsys, capsysbinary, class_mocker, cov, doctest_namespace, event_loop, extra, extras, faker, free_tcp_port, free_tcp_port_factory, free_udp_port, free_udp_port_factory, include_metadata_in_junit_xml, metadata, mock_dependencies, mock_error_dependencies, mocker, module_mocker, monkeypatch, no_cover, package_mocker, pytestconfig, record_property, record_testsuite_property, record_xml_attribute, recwarn, session_mocker, test_environment, testrun_uid, tmp_path, tmp_path_factory, tmpdir, tmpdir_factory, unused_tcp_port, unused_tcp_port_factory, unused_udp_port, unused_udp_port_factory, worker_id
&gt;       use 'pytest --fixtures [testpath]' for help on them.

/workspaces/Novamind-Backend-ONLY-TWINS/backend/app/tests/api/unit/test_xgboost_endpoints.py:431</error></testcase><testcase classname="app.tests.api.unit.test_xgboost_endpoints" name="test_service_connection_error" time="0.000"><error message="failed on setup with &quot;file /workspaces/Novamind-Backend-ONLY-TWINS/backend/app/tests/api/unit/test_xgboost_endpoints.py, line 453&#10;  def test_service_connection_error(client: TestClient, mock_error_dependencies):&#10;E       fixture 'client' not found&#10;&gt;       available fixtures: _session_faker, anyio_backend, anyio_backend_name, anyio_backend_options, cache, capfd, capfdbinary, caplog, capsys, capsysbinary, class_mocker, cov, doctest_namespace, event_loop, extra, extras, faker, free_tcp_port, free_tcp_port_factory, free_udp_port, free_udp_port_factory, include_metadata_in_junit_xml, metadata, mock_dependencies, mock_error_dependencies, mocker, module_mocker, monkeypatch, no_cover, package_mocker, pytestconfig, record_property, record_testsuite_property, record_xml_attribute, recwarn, session_mocker, test_environment, testrun_uid, tmp_path, tmp_path_factory, tmpdir, tmpdir_factory, unused_tcp_port, unused_tcp_port_factory, unused_udp_port, unused_udp_port_factory, worker_id&#10;&gt;       use 'pytest --fixtures [testpath]' for help on them.&#10;&#10;/workspaces/Novamind-Backend-ONLY-TWINS/backend/app/tests/api/unit/test_xgboost_endpoints.py:453&quot;">file /workspaces/Novamind-Backend-ONLY-TWINS/backend/app/tests/api/unit/test_xgboost_endpoints.py, line 453
  def test_service_connection_error(client: TestClient, mock_error_dependencies):
E       fixture 'client' not found
&gt;       available fixtures: _session_faker, anyio_backend, anyio_backend_name, anyio_backend_options, cache, capfd, capfdbinary, caplog, capsys, capsysbinary, class_mocker, cov, doctest_namespace, event_loop, extra, extras, faker, free_tcp_port, free_tcp_port_factory, free_udp_port, free_udp_port_factory, include_metadata_in_junit_xml, metadata, mock_dependencies, mock_error_dependencies, mocker, module_mocker, monkeypatch, no_cover, package_mocker, pytestconfig, record_property, record_testsuite_property, record_xml_attribute, recwarn, session_mocker, test_environment, testrun_uid, tmp_path, tmp_path_factory, tmpdir, tmpdir_factory, unused_tcp_port, unused_tcp_port_factory, unused_udp_port, unused_udp_port_factory, worker_id
&gt;       use 'pytest --fixtures [testpath]' for help on them.

/workspaces/Novamind-Backend-ONLY-TWINS/backend/app/tests/api/unit/test_xgboost_endpoints.py:453</error></testcase><testcase classname="app.tests.api.unit.test_xgboost_endpoints" name="test_validation_error" time="0.001"><error message="failed on setup with &quot;file /workspaces/Novamind-Backend-ONLY-TWINS/backend/app/tests/api/unit/test_xgboost_endpoints.py, line 477&#10;  def test_validation_error(client: TestClient):&#10;E       fixture 'client' not found&#10;&gt;       available fixtures: _session_faker, anyio_backend, anyio_backend_name, anyio_backend_options, cache, capfd, capfdbinary, caplog, capsys, capsysbinary, class_mocker, cov, doctest_namespace, event_loop, extra, extras, faker, free_tcp_port, free_tcp_port_factory, free_udp_port, free_udp_port_factory, include_metadata_in_junit_xml, metadata, mock_dependencies, mock_error_dependencies, mocker, module_mocker, monkeypatch, no_cover, package_mocker, pytestconfig, record_property, record_testsuite_property, record_xml_attribute, recwarn, session_mocker, test_environment, testrun_uid, tmp_path, tmp_path_factory, tmpdir, tmpdir_factory, unused_tcp_port, unused_tcp_port_factory, unused_udp_port, unused_udp_port_factory, worker_id&#10;&gt;       use 'pytest --fixtures [testpath]' for help on them.&#10;&#10;/workspaces/Novamind-Backend-ONLY-TWINS/backend/app/tests/api/unit/test_xgboost_endpoints.py:477&quot;">file /workspaces/Novamind-Backend-ONLY-TWINS/backend/app/tests/api/unit/test_xgboost_endpoints.py, line 477
  def test_validation_error(client: TestClient):
E       fixture 'client' not found
&gt;       available fixtures: _session_faker, anyio_backend, anyio_backend_name, anyio_backend_options, cache, capfd, capfdbinary, caplog, capsys, capsysbinary, class_mocker, cov, doctest_namespace, event_loop, extra, extras, faker, free_tcp_port, free_tcp_port_factory, free_udp_port, free_udp_port_factory, include_metadata_in_junit_xml, metadata, mock_dependencies, mock_error_dependencies, mocker, module_mocker, monkeypatch, no_cover, package_mocker, pytestconfig, record_property, record_testsuite_property, record_xml_attribute, recwarn, session_mocker, test_environment, testrun_uid, tmp_path, tmp_path_factory, tmpdir, tmpdir_factory, unused_tcp_port, unused_tcp_port_factory, unused_udp_port, unused_udp_port_factory, worker_id
&gt;       use 'pytest --fixtures [testpath]' for help on them.

/workspaces/Novamind-Backend-ONLY-TWINS/backend/app/tests/api/unit/test_xgboost_endpoints.py:477</error></testcase></testsuite></testsuites>