<?xml version="1.0" encoding="utf-8"?><testsuites><testsuite name="pytest" errors="0" failures="0" skipped="0" tests="17" time="1.105" timestamp="2025-04-10T08:08:54.532881" hostname="MacBookPro"><testcase classname="app.tests.standalone.test_base_security_test.TestBaseSecurityTest" name="test_default_attributes" time="0.059" /><testcase classname="app.tests.standalone.test_base_security_test.TestBaseSecurityTest" name="test_mock_auth_service" time="0.001" /><testcase classname="app.tests.standalone.test_base_security_test.AdminSecurityTest" name="test_admin_roles" time="0.001" /><testcase classname="app.tests.standalone.test_base_security_test.ClinicianSecurityTest" name="test_clinician_roles" time="0.001" /><testcase classname="app.tests.standalone.test_ml_exceptions.TestMLExceptions" name="test_base_error" time="0.000" /><testcase classname="app.tests.standalone.test_ml_exceptions.TestMLExceptions" name="test_inference_error" time="0.000" /><testcase classname="app.tests.standalone.test_ml_exceptions.TestMLExceptions" name="test_validation_error" time="0.000" /><testcase classname="app.tests.standalone.test_phi_sanitizer.TestPHISanitizer" name="test_sanitize_address" time="0.003" /><testcase classname="app.tests.standalone.test_phi_sanitizer.TestPHISanitizer" name="test_sanitize_complex_text" time="0.001" /><testcase classname="app.tests.standalone.test_phi_sanitizer.TestPHISanitizer" name="test_sanitize_dict" time="0.000" /><testcase classname="app.tests.standalone.test_phi_sanitizer.TestPHISanitizer" name="test_sanitize_dob" time="0.000" /><testcase classname="app.tests.standalone.test_phi_sanitizer.TestPHISanitizer" name="test_sanitize_email" time="0.000" /><testcase classname="app.tests.standalone.test_phi_sanitizer.TestPHISanitizer" name="test_sanitize_list" time="0.000" /><testcase classname="app.tests.standalone.test_phi_sanitizer.TestPHISanitizer" name="test_sanitize_mrn" time="0.000" /><testcase classname="app.tests.standalone.test_phi_sanitizer.TestPHISanitizer" name="test_sanitize_name" time="0.001" /><testcase classname="app.tests.standalone.test_phi_sanitizer.TestPHISanitizer" name="test_sanitize_phone" time="0.000" /><testcase classname="app.tests.standalone.test_phi_sanitizer.TestPHISanitizer" name="test_sanitize_ssn" time="0.001" /></testsuite></testsuites>