<?xml version="1.0" encoding="utf-8"?><testsuites><testsuite name="pytest" errors="0" failures="0" skipped="0" tests="25" time="0.052" timestamp="2025-04-10T07:15:23.536273" hostname="MacBookPro"><testcase classname="app.tests.standalone.test_base_security_test.TestBaseSecurityTest" name="test_default_attributes" time="0.020" /><testcase classname="app.tests.standalone.test_base_security_test.TestBaseSecurityTest" name="test_mock_auth_service" time="0.000" /><testcase classname="app.tests.standalone.test_base_security_test.AdminSecurityTest" name="test_admin_roles" time="0.000" /><testcase classname="app.tests.standalone.test_base_security_test.ClinicianSecurityTest" name="test_clinician_roles" time="0.000" /><testcase classname="app.tests.standalone.test_ml_exceptions.TestMentalLLaMAExceptions" name="test_base_exception" time="0.000" /><testcase classname="app.tests.standalone.test_ml_exceptions.TestMentalLLaMAExceptions" name="test_base_exception_without_details" time="0.000" /><testcase classname="app.tests.standalone.test_ml_exceptions.TestMentalLLaMAExceptions" name="test_connection_error" time="0.000" /><testcase classname="app.tests.standalone.test_ml_exceptions.TestMentalLLaMAExceptions" name="test_authentication_error" time="0.000" /><testcase classname="app.tests.standalone.test_ml_exceptions.TestMentalLLaMAExceptions" name="test_inference_error" time="0.000" /><testcase classname="app.tests.standalone.test_ml_exceptions.TestMentalLLaMAExceptions" name="test_validation_error" time="0.000" /><testcase classname="app.tests.standalone.test_ml_exceptions.TestMentalLLaMAExceptions" name="test_quota_exceeded_error" time="0.000" /><testcase classname="app.tests.standalone.test_ml_exceptions.TestMentalLLaMAExceptions" name="test_exception_inheritance" time="0.000" /><testcase classname="app.tests.standalone.test_ml_exceptions_self_contained.TestMLExceptions" name="test_base_error" time="0.000" /><testcase classname="app.tests.standalone.test_ml_exceptions_self_contained.TestMLExceptions" name="test_inference_error" time="0.000" /><testcase classname="app.tests.standalone.test_ml_exceptions_self_contained.TestMLExceptions" name="test_validation_error" time="0.000" /><testcase classname="app.tests.standalone.test_phi_sanitizer_self_contained.TestPHISanitizer" name="test_sanitize_address" time="0.001" /><testcase classname="app.tests.standalone.test_phi_sanitizer_self_contained.TestPHISanitizer" name="test_sanitize_complex_text" time="0.000" /><testcase classname="app.tests.standalone.test_phi_sanitizer_self_contained.TestPHISanitizer" name="test_sanitize_dict" time="0.000" /><testcase classname="app.tests.standalone.test_phi_sanitizer_self_contained.TestPHISanitizer" name="test_sanitize_dob" time="0.000" /><testcase classname="app.tests.standalone.test_phi_sanitizer_self_contained.TestPHISanitizer" name="test_sanitize_email" time="0.000" /><testcase classname="app.tests.standalone.test_phi_sanitizer_self_contained.TestPHISanitizer" name="test_sanitize_list" time="0.000" /><testcase classname="app.tests.standalone.test_phi_sanitizer_self_contained.TestPHISanitizer" name="test_sanitize_mrn" time="0.000" /><testcase classname="app.tests.standalone.test_phi_sanitizer_self_contained.TestPHISanitizer" name="test_sanitize_name" time="0.000" /><testcase classname="app.tests.standalone.test_phi_sanitizer_self_contained.TestPHISanitizer" name="test_sanitize_phone" time="0.000" /><testcase classname="app.tests.standalone.test_phi_sanitizer_self_contained.TestPHISanitizer" name="test_sanitize_ssn" time="0.000" /></testsuite></testsuites>