<?xml version="1.0" encoding="utf-8"?><testsuites><testsuite name="pytest" errors="0" failures="0" skipped="0" tests="45" time="6.688" timestamp="2025-04-11T05:26:25.350730" hostname="codespaces-703d42"><testcase classname="app.tests.standalone.test_provider.TestProvider" name="test_create_provider" time="0.487" /><testcase classname="app.tests.standalone.test_provider.TestProvider" name="test_create_provider_with_string_enums" time="0.003" /><testcase classname="app.tests.standalone.test_provider.TestProvider" name="test_create_provider_with_auto_id" time="0.003" /><testcase classname="app.tests.standalone.test_provider.TestProvider" name="test_validate_required_fields" time="0.003" /><testcase classname="app.tests.standalone.test_provider.TestProvider" name="test_validate_psychiatrist_license" time="0.003" /><testcase classname="app.tests.standalone.test_provider.TestProvider" name="test_validate_email_format" time="0.003" /><testcase classname="app.tests.standalone.test_provider.TestProvider" name="test_validate_phone_format" time="0.003" /><testcase classname="app.tests.standalone.test_provider.TestProvider" name="test_update_personal_info" time="0.003" /><testcase classname="app.tests.standalone.test_provider.TestProvider" name="test_update_professional_info" time="0.004" /><testcase classname="app.tests.standalone.test_provider.TestProvider" name="test_update_professional_info_with_string_provider_type" time="0.004" /><testcase classname="app.tests.standalone.test_provider.TestProvider" name="test_update_status" time="0.003" /><testcase classname="app.tests.standalone.test_provider.TestProvider" name="test_update_status_with_string" time="0.004" /><testcase classname="app.tests.standalone.test_provider.TestProvider" name="test_add_specialty" time="0.003" /><testcase classname="app.tests.standalone.test_provider.TestProvider" name="test_add_existing_specialty" time="0.004" /><testcase classname="app.tests.standalone.test_provider.TestProvider" name="test_remove_specialty" time="0.003" /><testcase classname="app.tests.standalone.test_provider.TestProvider" name="test_remove_nonexistent_specialty" time="0.005" /><testcase classname="app.tests.standalone.test_provider.TestProvider" name="test_add_language" time="0.003" /><testcase classname="app.tests.standalone.test_provider.TestProvider" name="test_add_existing_language" time="0.004" /><testcase classname="app.tests.standalone.test_provider.TestProvider" name="test_remove_language" time="0.003" /><testcase classname="app.tests.standalone.test_provider.TestProvider" name="test_remove_nonexistent_language" time="0.003" /><testcase classname="app.tests.standalone.test_provider.TestProvider" name="test_add_education" time="0.002" /><testcase classname="app.tests.standalone.test_provider.TestProvider" name="test_add_education_validation" time="0.003" /><testcase classname="app.tests.standalone.test_provider.TestProvider" name="test_add_certification" time="0.002" /><testcase classname="app.tests.standalone.test_provider.TestProvider" name="test_add_certification_validation" time="0.002" /><testcase classname="app.tests.standalone.test_provider.TestProvider" name="test_set_availability" time="0.002" /><testcase classname="app.tests.standalone.test_provider.TestProvider" name="test_set_availability_validation" time="0.002" /><testcase classname="app.tests.standalone.test_provider.TestProvider" name="test_add_availability_slot" time="0.002" /><testcase classname="app.tests.standalone.test_provider.TestProvider" name="test_add_availability_slot_with_time_objects" time="0.002" /><testcase classname="app.tests.standalone.test_provider.TestProvider" name="test_add_availability_slot_validation" time="0.002" /><testcase classname="app.tests.standalone.test_provider.TestProvider" name="test_remove_availability_slot" time="0.002" /><testcase classname="app.tests.standalone.test_provider.TestProvider" name="test_remove_availability_slot_invalid_day" time="0.002" /><testcase classname="app.tests.standalone.test_provider.TestProvider" name="test_remove_availability_slot_invalid_index" time="0.003" /><testcase classname="app.tests.standalone.test_provider.TestProvider" name="test_is_available" time="0.003" /><testcase classname="app.tests.standalone.test_provider.TestProvider" name="test_is_available_inactive_provider" time="0.002" /><testcase classname="app.tests.standalone.test_provider.TestProvider" name="test_update_patient_count" time="0.002" /><testcase classname="app.tests.standalone.test_provider.TestProvider" name="test_update_patient_count_validation" time="0.002" /><testcase classname="app.tests.standalone.test_provider.TestProvider" name="test_increment_patient_count" time="0.003" /><testcase classname="app.tests.standalone.test_provider.TestProvider" name="test_increment_patient_count_at_max" time="0.002" /><testcase classname="app.tests.standalone.test_provider.TestProvider" name="test_decrement_patient_count" time="0.002" /><testcase classname="app.tests.standalone.test_provider.TestProvider" name="test_decrement_patient_count_at_zero" time="0.002" /><testcase classname="app.tests.standalone.test_provider.TestProvider" name="test_to_dict" time="0.002" /><testcase classname="app.tests.standalone.test_provider.TestProvider" name="test_from_dict" time="0.002" /><testcase classname="app.tests.standalone.test_provider.TestProvider" name="test_equality" time="0.002" /><testcase classname="app.tests.standalone.test_provider.TestProvider" name="test_inequality" time="0.002" /><testcase classname="app.tests.standalone.test_provider.TestProvider" name="test_string_representation" time="0.003" /></testsuite></testsuites>